Dec 07, 2020 9:49:25 AM org.apache.catalina.core.AprLifecycleListener init
INFO: Loaded APR based Apache Tomcat Native library 1.1.22.
Dec 07, 2020 9:49:25 AM org.apache.catalina.core.AprLifecycleListener init
INFO: APR capabilities: IPv6 [false], sendfile [true], accept filters [false], random [true].
Dec 07, 2020 9:49:26 AM org.apache.coyote.AbstractProtocol init
INFO: Initializing ProtocolHandler ["http-apr-9999"]
Dec 07, 2020 9:49:26 AM org.apache.coyote.AbstractProtocol init
INFO: Initializing ProtocolHandler ["ajp-apr-8009"]
Dec 07, 2020 9:49:26 AM org.apache.catalina.startup.Catalina load
INFO: Initialization processed in 885 ms
Dec 07, 2020 9:49:26 AM org.apache.catalina.core.StandardService startInternal
INFO: Starting service Catalina
Dec 07, 2020 9:49:26 AM org.apache.catalina.core.StandardEngine startInternal
INFO: Starting Servlet Engine: Apache Tomcat/7.0.21
Dec 07, 2020 9:49:26 AM org.apache.catalina.startup.HostConfig deployDescriptor
INFO: Deploying configuration descriptor ConfigDemoServlet.xml from C:\apache-tomcat-7.0.21\conf\Catalina\localhost
Dec 07, 2020 9:49:26 AM org.apache.catalina.startup.HostConfig deployDescriptor
INFO: Deploying configuration descriptor ContextDemoServlet.xml from C:\apache-tomcat-7.0.21\conf\Catalina\localhost
Dec 07, 2020 9:49:26 AM org.apache.catalina.startup.HostConfig deployDescriptor
INFO: Deploying configuration descriptor LifeCycleDemoServlet.xml from C:\apache-tomcat-7.0.21\conf\Catalina\localhost
Dec 07, 2020 9:49:26 AM org.apache.catalina.startup.HostConfig deployDescriptor
INFO: Deploying configuration descriptor P2_SimpleServlet.xml from C:\apache-tomcat-7.0.21\conf\Catalina\localhost
Dec 07, 2020 9:49:26 AM org.apache.catalina.startup.HostConfig deployDescriptor
INFO: Deploying configuration descriptor RequestDemoServlet.xml from C:\apache-tomcat-7.0.21\conf\Catalina\localhost
Dec 07, 2020 9:49:26 AM org.apache.catalina.startup.HostConfig deployDescriptor
INFO: Deploying configuration descriptor servlet#ConfigDemoServlet.xml from C:\apache-tomcat-7.0.21\conf\Catalina\localhost
Dec 07, 2020 9:49:26 AM org.apache.catalina.core.StandardContext setPath
WARNING: A context path must either be an empty string or start with a '/'. The path [servlet/ConfigDemoServlet] does not meet these criteria and has been changed to [/servlet/ConfigDemoServlet] 
Dec 07, 2020 9:49:27 AM org.apache.catalina.startup.HostConfig deployDescriptor
INFO: Deploying configuration descriptor ShareDemoServlet.xml from C:\apache-tomcat-7.0.21\conf\Catalina\localhost
Dec 07, 2020 9:49:27 AM org.apache.catalina.startup.HostConfig deployDirectory
INFO: Deploying web application directory docs
Dec 07, 2020 9:49:27 AM org.apache.catalina.startup.HostConfig deployDirectory
INFO: Deploying web application directory examples
Dec 07, 2020 9:49:27 AM org.apache.catalina.startup.HostConfig deployDirectory
INFO: Deploying web application directory host-manager
Dec 07, 2020 9:49:27 AM org.apache.catalina.startup.HostConfig deployDirectory
INFO: Deploying web application directory manager
Dec 07, 2020 9:49:27 AM org.apache.catalina.startup.HostConfig deployDirectory
INFO: Deploying web application directory myApp
Dec 07, 2020 9:49:27 AM org.apache.catalina.startup.HostConfig deployDirectory
INFO: Deploying web application directory ROOT
Dec 07, 2020 9:49:27 AM org.apache.coyote.AbstractProtocol start
INFO: Starting ProtocolHandler ["http-apr-9999"]
Dec 07, 2020 9:49:27 AM org.apache.coyote.AbstractProtocol start
INFO: Starting ProtocolHandler ["ajp-apr-8009"]
Dec 07, 2020 9:49:27 AM org.apache.catalina.startup.Catalina start
INFO: Server startup in 1636 ms
Dec 07, 2020 9:56:34 AM org.apache.coyote.AbstractProtocol pause
INFO: Pausing ProtocolHandler ["http-apr-9999"]
Dec 07, 2020 9:56:35 AM org.apache.coyote.AbstractProtocol pause
INFO: Pausing ProtocolHandler ["ajp-apr-8009"]
Dec 07, 2020 9:56:36 AM org.apache.catalina.core.StandardService stopInternal
INFO: Stopping service Catalina
Dec 07, 2020 9:56:36 AM org.apache.coyote.AbstractProtocol stop
INFO: Stopping ProtocolHandler ["http-apr-9999"]
Dec 07, 2020 9:56:36 AM org.apache.coyote.AbstractProtocol stop
INFO: Stopping ProtocolHandler ["ajp-apr-8009"]
Dec 07, 2020 9:56:36 AM org.apache.coyote.AbstractProtocol destroy
INFO: Destroying ProtocolHandler ["http-apr-9999"]
Dec 07, 2020 9:56:36 AM org.apache.coyote.AbstractProtocol destroy
INFO: Destroying ProtocolHandler ["ajp-apr-8009"]
Dec 07, 2020 3:54:55 PM org.apache.catalina.core.AprLifecycleListener init
INFO: Loaded APR based Apache Tomcat Native library 1.1.22.
Dec 07, 2020 3:54:55 PM org.apache.catalina.core.AprLifecycleListener init
INFO: APR capabilities: IPv6 [false], sendfile [true], accept filters [false], random [true].
Dec 07, 2020 3:54:55 PM org.apache.coyote.AbstractProtocol init
INFO: Initializing ProtocolHandler ["http-apr-9999"]
Dec 07, 2020 3:54:55 PM org.apache.coyote.AbstractProtocol init
INFO: Initializing ProtocolHandler ["ajp-apr-8009"]
Dec 07, 2020 3:54:55 PM org.apache.catalina.startup.Catalina load
INFO: Initialization processed in 1020 ms
Dec 07, 2020 3:54:55 PM org.apache.catalina.core.StandardService startInternal
INFO: Starting service Catalina
Dec 07, 2020 3:54:55 PM org.apache.catalina.core.StandardEngine startInternal
INFO: Starting Servlet Engine: Apache Tomcat/7.0.21
Dec 07, 2020 3:54:55 PM org.apache.catalina.startup.HostConfig deployDescriptor
INFO: Deploying configuration descriptor ConfigDemoServlet.xml from C:\apache-tomcat-7.0.21\conf\Catalina\localhost
Dec 07, 2020 3:54:56 PM org.apache.catalina.startup.HostConfig deployDescriptor
INFO: Deploying configuration descriptor ContextDemoServlet.xml from C:\apache-tomcat-7.0.21\conf\Catalina\localhost
Dec 07, 2020 3:54:56 PM org.apache.catalina.startup.HostConfig deployDescriptor
INFO: Deploying configuration descriptor LifeCycleDemoServlet.xml from C:\apache-tomcat-7.0.21\conf\Catalina\localhost
Dec 07, 2020 3:54:56 PM org.apache.catalina.startup.HostConfig deployDescriptor
INFO: Deploying configuration descriptor P2_SimpleServlet.xml from C:\apache-tomcat-7.0.21\conf\Catalina\localhost
Dec 07, 2020 3:54:56 PM org.apache.catalina.startup.HostConfig deployDescriptor
INFO: Deploying configuration descriptor RequestDemoServlet.xml from C:\apache-tomcat-7.0.21\conf\Catalina\localhost
Dec 07, 2020 3:54:56 PM org.apache.catalina.startup.HostConfig deployDescriptor
INFO: Deploying configuration descriptor servlet#ConfigDemoServlet.xml from C:\apache-tomcat-7.0.21\conf\Catalina\localhost
Dec 07, 2020 3:54:56 PM org.apache.catalina.core.StandardContext setPath
WARNING: A context path must either be an empty string or start with a '/'. The path [servlet/ConfigDemoServlet] does not meet these criteria and has been changed to [/servlet/ConfigDemoServlet] 
Dec 07, 2020 3:54:56 PM org.apache.catalina.startup.HostConfig deployDescriptor
INFO: Deploying configuration descriptor ShareDemoServlet.xml from C:\apache-tomcat-7.0.21\conf\Catalina\localhost
Dec 07, 2020 3:54:56 PM org.apache.catalina.startup.HostConfig deployDirectory
INFO: Deploying web application directory docs
Dec 07, 2020 3:54:56 PM org.apache.catalina.startup.HostConfig deployDirectory
INFO: Deploying web application directory examples
Dec 07, 2020 3:54:57 PM org.apache.catalina.startup.HostConfig deployDirectory
INFO: Deploying web application directory host-manager
Dec 07, 2020 3:54:57 PM org.apache.catalina.startup.HostConfig deployDirectory
INFO: Deploying web application directory manager
Dec 07, 2020 3:54:57 PM org.apache.catalina.startup.HostConfig deployDirectory
INFO: Deploying web application directory myApp
Dec 07, 2020 3:54:57 PM org.apache.catalina.startup.HostConfig deployDirectory
INFO: Deploying web application directory ROOT
Dec 07, 2020 3:54:57 PM org.apache.coyote.AbstractProtocol start
INFO: Starting ProtocolHandler ["http-apr-9999"]
Dec 07, 2020 3:54:57 PM org.apache.coyote.AbstractProtocol start
INFO: Starting ProtocolHandler ["ajp-apr-8009"]
Dec 07, 2020 3:54:57 PM org.apache.catalina.startup.Catalina start
INFO: Server startup in 1472 ms
Dec 07, 2020 3:56:23 PM org.apache.coyote.AbstractProtocol pause
INFO: Pausing ProtocolHandler ["http-apr-9999"]
Dec 07, 2020 3:56:24 PM org.apache.coyote.AbstractProtocol pause
INFO: Pausing ProtocolHandler ["ajp-apr-8009"]
Dec 07, 2020 3:56:25 PM org.apache.catalina.core.StandardService stopInternal
INFO: Stopping service Catalina
Dec 07, 2020 3:56:25 PM org.apache.coyote.AbstractProtocol stop
INFO: Stopping ProtocolHandler ["http-apr-9999"]
Dec 07, 2020 3:56:25 PM org.apache.coyote.AbstractProtocol stop
INFO: Stopping ProtocolHandler ["ajp-apr-8009"]
Dec 07, 2020 3:56:25 PM org.apache.coyote.AbstractProtocol destroy
INFO: Destroying ProtocolHandler ["http-apr-9999"]
Dec 07, 2020 3:56:25 PM org.apache.coyote.AbstractProtocol destroy
INFO: Destroying ProtocolHandler ["ajp-apr-8009"]
Dec 07, 2020 4:12:27 PM org.apache.catalina.core.AprLifecycleListener init
INFO: Loaded APR based Apache Tomcat Native library 1.1.22.
Dec 07, 2020 4:12:27 PM org.apache.catalina.core.AprLifecycleListener init
INFO: APR capabilities: IPv6 [false], sendfile [true], accept filters [false], random [true].
Dec 07, 2020 4:12:28 PM org.apache.coyote.AbstractProtocol init
INFO: Initializing ProtocolHandler ["http-apr-9999"]
Dec 07, 2020 4:12:28 PM org.apache.coyote.AbstractProtocol init
INFO: Initializing ProtocolHandler ["ajp-apr-8009"]
Dec 07, 2020 4:12:28 PM org.apache.catalina.startup.Catalina load
INFO: Initialization processed in 723 ms
Dec 07, 2020 4:12:28 PM org.apache.catalina.core.StandardService startInternal
INFO: Starting service Catalina
Dec 07, 2020 4:12:28 PM org.apache.catalina.core.StandardEngine startInternal
INFO: Starting Servlet Engine: Apache Tomcat/7.0.21
Dec 07, 2020 4:12:28 PM org.apache.catalina.startup.HostConfig deployDescriptor
INFO: Deploying configuration descriptor ConfigDemoServlet.xml from C:\apache-tomcat-7.0.21\conf\Catalina\localhost
Dec 07, 2020 4:12:28 PM org.apache.catalina.startup.HostConfig deployDescriptor
INFO: Deploying configuration descriptor ContextDemoServlet.xml from C:\apache-tomcat-7.0.21\conf\Catalina\localhost
Dec 07, 2020 4:12:28 PM org.apache.catalina.startup.HostConfig deployDescriptor
INFO: Deploying configuration descriptor LifeCycleDemoServlet.xml from C:\apache-tomcat-7.0.21\conf\Catalina\localhost
Dec 07, 2020 4:12:28 PM org.apache.catalina.startup.HostConfig deployDescriptor
INFO: Deploying configuration descriptor P2_SimpleServlet.xml from C:\apache-tomcat-7.0.21\conf\Catalina\localhost
Dec 07, 2020 4:12:29 PM org.apache.catalina.startup.HostConfig deployDescriptor
INFO: Deploying configuration descriptor RequestDemoServlet.xml from C:\apache-tomcat-7.0.21\conf\Catalina\localhost
Dec 07, 2020 4:12:29 PM org.apache.catalina.startup.HostConfig deployDescriptor
INFO: Deploying configuration descriptor servlet#ConfigDemoServlet.xml from C:\apache-tomcat-7.0.21\conf\Catalina\localhost
Dec 07, 2020 4:12:29 PM org.apache.catalina.core.StandardContext setPath
WARNING: A context path must either be an empty string or start with a '/'. The path [servlet/ConfigDemoServlet] does not meet these criteria and has been changed to [/servlet/ConfigDemoServlet] 
Dec 07, 2020 4:12:29 PM org.apache.catalina.startup.HostConfig deployDescriptor
INFO: Deploying configuration descriptor ShareDemoServlet.xml from C:\apache-tomcat-7.0.21\conf\Catalina\localhost
Dec 07, 2020 4:12:29 PM org.apache.catalina.startup.HostConfig deployDirectory
INFO: Deploying web application directory docs
Dec 07, 2020 4:12:29 PM org.apache.catalina.startup.HostConfig deployDirectory
INFO: Deploying web application directory examples
Dec 07, 2020 4:12:29 PM org.apache.catalina.startup.HostConfig deployDirectory
INFO: Deploying web application directory host-manager
Dec 07, 2020 4:12:29 PM org.apache.catalina.startup.HostConfig deployDirectory
INFO: Deploying web application directory manager
Dec 07, 2020 4:12:29 PM org.apache.catalina.startup.HostConfig deployDirectory
INFO: Deploying web application directory myApp
Dec 07, 2020 4:12:29 PM org.apache.catalina.startup.HostConfig deployDirectory
INFO: Deploying web application directory ROOT
Dec 07, 2020 4:12:29 PM org.apache.coyote.AbstractProtocol start
INFO: Starting ProtocolHandler ["http-apr-9999"]
Dec 07, 2020 4:12:29 PM org.apache.coyote.AbstractProtocol start
INFO: Starting ProtocolHandler ["ajp-apr-8009"]
Dec 07, 2020 4:12:29 PM org.apache.catalina.startup.Catalina start
INFO: Server startup in 1474 ms
Dec 07, 2020 4:24:17 PM org.apache.catalina.startup.HostConfig checkResources
INFO: Undeploying context [/LifeCycleDemoServlet]
Dec 07, 2020 4:24:17 PM org.apache.catalina.startup.HostConfig deployDescriptor
INFO: Deploying configuration descriptor LifeCycleDemoServlet.xml from C:\apache-tomcat-7.0.21\conf\Catalina\localhost
Dec 07, 2020 4:24:17 PM org.apache.catalina.util.LifecycleBase start
INFO: The start() method was called on component [StandardEngine[Catalina].StandardHost[localhost].StandardContext[/LifeCycleDemoServlet]] after start() had already been called. The second call will be ignored.
Dec 07, 2020 4:24:28 PM org.apache.catalina.startup.HostConfig checkResources
INFO: Undeploying context [/LifeCycleDemoServlet]
Dec 07, 2020 4:24:28 PM org.apache.catalina.startup.HostConfig deployDescriptor
INFO: Deploying configuration descriptor LifeCycleDemoServlet.xml from C:\apache-tomcat-7.0.21\conf\Catalina\localhost
Dec 07, 2020 4:24:28 PM org.apache.catalina.util.LifecycleBase start
INFO: The start() method was called on component [StandardEngine[Catalina].StandardHost[localhost].StandardContext[/LifeCycleDemoServlet]] after start() had already been called. The second call will be ignored.
Dec 07, 2020 4:24:59 PM org.apache.catalina.startup.HostConfig checkResources
INFO: Undeploying context [/LifeCycleDemoServlet]
Dec 07, 2020 4:24:59 PM org.apache.catalina.startup.HostConfig deployDescriptor
INFO: Deploying configuration descriptor LifeCycleDemoServlet.xml from C:\apache-tomcat-7.0.21\conf\Catalina\localhost
Dec 07, 2020 4:24:59 PM org.apache.catalina.util.LifecycleBase start
INFO: The start() method was called on component [StandardEngine[Catalina].StandardHost[localhost].StandardContext[/LifeCycleDemoServlet]] after start() had already been called. The second call will be ignored.
Dec 07, 2020 4:25:54 PM org.apache.catalina.core.StandardServer await
INFO: A valid shutdown command was received via the shutdown port. Stopping the Server instance.
Dec 07, 2020 4:25:54 PM org.apache.coyote.AbstractProtocol pause
INFO: Pausing ProtocolHandler ["http-apr-9999"]
Dec 07, 2020 4:25:55 PM org.apache.coyote.AbstractProtocol pause
INFO: Pausing ProtocolHandler ["ajp-apr-8009"]
Dec 07, 2020 4:25:56 PM org.apache.catalina.core.StandardService stopInternal
INFO: Stopping service Catalina
Dec 07, 2020 4:25:57 PM org.apache.coyote.AbstractProtocol stop
INFO: Stopping ProtocolHandler ["http-apr-9999"]
Dec 07, 2020 4:25:57 PM org.apache.coyote.AbstractProtocol stop
INFO: Stopping ProtocolHandler ["ajp-apr-8009"]
Dec 07, 2020 4:25:57 PM org.apache.coyote.AbstractProtocol destroy
INFO: Destroying ProtocolHandler ["http-apr-9999"]
Dec 07, 2020 4:25:57 PM org.apache.coyote.AbstractProtocol destroy
INFO: Destroying ProtocolHandler ["ajp-apr-8009"]
Dec 07, 2020 4:26:01 PM org.apache.catalina.core.AprLifecycleListener init
INFO: Loaded APR based Apache Tomcat Native library 1.1.22.
Dec 07, 2020 4:26:01 PM org.apache.catalina.core.AprLifecycleListener init
INFO: APR capabilities: IPv6 [false], sendfile [true], accept filters [false], random [true].
Dec 07, 2020 4:26:01 PM org.apache.coyote.AbstractProtocol init
INFO: Initializing ProtocolHandler ["http-apr-9999"]
Dec 07, 2020 4:26:01 PM org.apache.coyote.AbstractProtocol init
INFO: Initializing ProtocolHandler ["ajp-apr-8009"]
Dec 07, 2020 4:26:01 PM org.apache.catalina.startup.Catalina load
INFO: Initialization processed in 950 ms
Dec 07, 2020 4:26:01 PM org.apache.catalina.core.StandardService startInternal
INFO: Starting service Catalina
Dec 07, 2020 4:26:01 PM org.apache.catalina.core.StandardEngine startInternal
INFO: Starting Servlet Engine: Apache Tomcat/7.0.21
Dec 07, 2020 4:26:01 PM org.apache.catalina.startup.HostConfig deployDescriptor
INFO: Deploying configuration descriptor ConfigDemoServlet.xml from C:\apache-tomcat-7.0.21\conf\Catalina\localhost
Dec 07, 2020 4:26:02 PM org.apache.catalina.startup.HostConfig deployDescriptor
INFO: Deploying configuration descriptor ContextDemoServlet.xml from C:\apache-tomcat-7.0.21\conf\Catalina\localhost
Dec 07, 2020 4:26:02 PM org.apache.catalina.startup.HostConfig deployDescriptor
INFO: Deploying configuration descriptor LifeCycleDemoServlet.xml from C:\apache-tomcat-7.0.21\conf\Catalina\localhost
Dec 07, 2020 4:26:02 PM org.apache.catalina.startup.HostConfig deployDescriptor
INFO: Deploying configuration descriptor P2_SimpleServlet.xml from C:\apache-tomcat-7.0.21\conf\Catalina\localhost
Dec 07, 2020 4:26:02 PM org.apache.catalina.startup.HostConfig deployDescriptor
INFO: Deploying configuration descriptor RequestDemoServlet.xml from C:\apache-tomcat-7.0.21\conf\Catalina\localhost
Dec 07, 2020 4:26:02 PM org.apache.catalina.startup.HostConfig deployDescriptor
INFO: Deploying configuration descriptor servlet#ConfigDemoServlet.xml from C:\apache-tomcat-7.0.21\conf\Catalina\localhost
Dec 07, 2020 4:26:02 PM org.apache.catalina.core.StandardContext setPath
WARNING: A context path must either be an empty string or start with a '/'. The path [servlet/ConfigDemoServlet] does not meet these criteria and has been changed to [/servlet/ConfigDemoServlet] 
Dec 07, 2020 4:26:02 PM org.apache.catalina.startup.HostConfig deployDescriptor
INFO: Deploying configuration descriptor ShareDemoServlet.xml from C:\apache-tomcat-7.0.21\conf\Catalina\localhost
Dec 07, 2020 4:26:03 PM org.apache.catalina.startup.HostConfig deployDirectory
INFO: Deploying web application directory docs
Dec 07, 2020 4:26:03 PM org.apache.catalina.startup.HostConfig deployDirectory
INFO: Deploying web application directory examples
Dec 07, 2020 4:26:03 PM org.apache.catalina.startup.HostConfig deployDirectory
INFO: Deploying web application directory host-manager
Dec 07, 2020 4:26:03 PM org.apache.catalina.startup.HostConfig deployDirectory
INFO: Deploying web application directory manager
Dec 07, 2020 4:26:03 PM org.apache.catalina.startup.HostConfig deployDirectory
INFO: Deploying web application directory myApp
Dec 07, 2020 4:26:03 PM org.apache.catalina.startup.HostConfig deployDirectory
INFO: Deploying web application directory ROOT
Dec 07, 2020 4:26:03 PM org.apache.coyote.AbstractProtocol start
INFO: Starting ProtocolHandler ["http-apr-9999"]
Dec 07, 2020 4:26:03 PM org.apache.coyote.AbstractProtocol start
INFO: Starting ProtocolHandler ["ajp-apr-8009"]
Dec 07, 2020 4:26:03 PM org.apache.catalina.startup.Catalina start
INFO: Server startup in 1928 ms
Dec 07, 2020 4:26:05 PM org.apache.catalina.startup.HostConfig checkResources
INFO: Undeploying context [/LifeCycleDemoServlet]
Dec 07, 2020 4:26:05 PM org.apache.catalina.startup.HostConfig deployDescriptor
INFO: Deploying configuration descriptor LifeCycleDemoServlet.xml from C:\apache-tomcat-7.0.21\conf\Catalina\localhost
Dec 07, 2020 4:26:05 PM org.apache.catalina.util.LifecycleBase start
INFO: The start() method was called on component [StandardEngine[Catalina].StandardHost[localhost].StandardContext[/LifeCycleDemoServlet]] after start() had already been called. The second call will be ignored.
Dec 07, 2020 4:26:27 PM org.apache.catalina.startup.HostConfig checkResources
INFO: Undeploying context [/LifeCycleDemoServlet]
Dec 07, 2020 4:26:27 PM org.apache.catalina.startup.HostConfig deployDescriptor
INFO: Deploying configuration descriptor LifeCycleDemoServlet.xml from C:\apache-tomcat-7.0.21\conf\Catalina\localhost
Dec 07, 2020 4:26:27 PM org.apache.catalina.util.LifecycleBase start
INFO: The start() method was called on component [StandardEngine[Catalina].StandardHost[localhost].StandardContext[/LifeCycleDemoServlet]] after start() had already been called. The second call will be ignored.
Dec 07, 2020 4:29:01 PM org.apache.catalina.core.StandardServer await
INFO: A valid shutdown command was received via the shutdown port. Stopping the Server instance.
Dec 07, 2020 4:29:01 PM org.apache.coyote.AbstractProtocol pause
INFO: Pausing ProtocolHandler ["http-apr-9999"]
Dec 07, 2020 4:29:02 PM org.apache.coyote.AbstractProtocol pause
INFO: Pausing ProtocolHandler ["ajp-apr-8009"]
Dec 07, 2020 4:29:03 PM org.apache.catalina.core.StandardService stopInternal
INFO: Stopping service Catalina
Dec 07, 2020 4:29:03 PM org.apache.coyote.AbstractProtocol stop
INFO: Stopping ProtocolHandler ["http-apr-9999"]
Dec 07, 2020 4:29:03 PM org.apache.coyote.AbstractProtocol stop
INFO: Stopping ProtocolHandler ["ajp-apr-8009"]
Dec 07, 2020 4:29:03 PM org.apache.coyote.AbstractProtocol destroy
INFO: Destroying ProtocolHandler ["http-apr-9999"]
Dec 07, 2020 4:29:03 PM org.apache.coyote.AbstractProtocol destroy
INFO: Destroying ProtocolHandler ["ajp-apr-8009"]
Dec 07, 2020 4:36:02 PM org.apache.catalina.core.AprLifecycleListener init
INFO: Loaded APR based Apache Tomcat Native library 1.1.22.
Dec 07, 2020 4:36:02 PM org.apache.catalina.core.AprLifecycleListener init
INFO: APR capabilities: IPv6 [false], sendfile [true], accept filters [false], random [true].
Dec 07, 2020 4:36:03 PM org.apache.coyote.AbstractProtocol init
INFO: Initializing ProtocolHandler ["http-apr-9999"]
Dec 07, 2020 4:36:03 PM org.apache.coyote.AbstractProtocol init
INFO: Initializing ProtocolHandler ["ajp-apr-8009"]
Dec 07, 2020 4:36:03 PM org.apache.catalina.startup.Catalina load
INFO: Initialization processed in 732 ms
Dec 07, 2020 4:36:03 PM org.apache.catalina.core.StandardService startInternal
INFO: Starting service Catalina
Dec 07, 2020 4:36:03 PM org.apache.catalina.core.StandardEngine startInternal
INFO: Starting Servlet Engine: Apache Tomcat/7.0.21
Dec 07, 2020 4:36:03 PM org.apache.catalina.startup.HostConfig deployDescriptor
INFO: Deploying configuration descriptor ConfigDemoServlet.xml from C:\apache-tomcat-7.0.21\conf\Catalina\localhost
Dec 07, 2020 4:36:03 PM org.apache.catalina.startup.HostConfig deployDescriptor
INFO: Deploying configuration descriptor ContextDemoServlet.xml from C:\apache-tomcat-7.0.21\conf\Catalina\localhost
Dec 07, 2020 4:36:03 PM org.apache.catalina.startup.HostConfig deployDescriptor
INFO: Deploying configuration descriptor LifeCycleDemoServlet.xml from C:\apache-tomcat-7.0.21\conf\Catalina\localhost
Dec 07, 2020 4:36:03 PM org.apache.catalina.startup.HostConfig deployDescriptor
INFO: Deploying configuration descriptor P2_SimpleServlet.xml from C:\apache-tomcat-7.0.21\conf\Catalina\localhost
Dec 07, 2020 4:36:03 PM org.apache.catalina.startup.HostConfig deployDescriptor
INFO: Deploying configuration descriptor RequestDemoServlet.xml from C:\apache-tomcat-7.0.21\conf\Catalina\localhost
Dec 07, 2020 4:36:03 PM org.apache.catalina.startup.HostConfig deployDescriptor
INFO: Deploying configuration descriptor servlet#ConfigDemoServlet.xml from C:\apache-tomcat-7.0.21\conf\Catalina\localhost
Dec 07, 2020 4:36:03 PM org.apache.catalina.core.StandardContext setPath
WARNING: A context path must either be an empty string or start with a '/'. The path [servlet/ConfigDemoServlet] does not meet these criteria and has been changed to [/servlet/ConfigDemoServlet] 
Dec 07, 2020 4:36:03 PM org.apache.catalina.startup.HostConfig deployDescriptor
INFO: Deploying configuration descriptor ShareDemoServlet.xml from C:\apache-tomcat-7.0.21\conf\Catalina\localhost
Dec 07, 2020 4:36:03 PM org.apache.catalina.startup.HostConfig deployDirectory
INFO: Deploying web application directory docs
Dec 07, 2020 4:36:03 PM org.apache.catalina.startup.HostConfig deployDirectory
INFO: Deploying web application directory examples
Dec 07, 2020 4:36:04 PM org.apache.catalina.startup.HostConfig deployDirectory
INFO: Deploying web application directory host-manager
Dec 07, 2020 4:36:04 PM org.apache.catalina.startup.HostConfig deployDirectory
INFO: Deploying web application directory manager
Dec 07, 2020 4:36:04 PM org.apache.catalina.startup.HostConfig deployDirectory
INFO: Deploying web application directory myApp
Dec 07, 2020 4:36:04 PM org.apache.catalina.startup.HostConfig deployDirectory
INFO: Deploying web application directory ROOT
Dec 07, 2020 4:36:04 PM org.apache.coyote.AbstractProtocol start
INFO: Starting ProtocolHandler ["http-apr-9999"]
Dec 07, 2020 4:36:04 PM org.apache.coyote.AbstractProtocol start
INFO: Starting ProtocolHandler ["ajp-apr-8009"]
Dec 07, 2020 4:36:04 PM org.apache.catalina.startup.Catalina start
INFO: Server startup in 1201 ms
Dec 07, 2020 4:48:47 PM org.apache.catalina.core.AprLifecycleListener init
INFO: Loaded APR based Apache Tomcat Native library 1.1.22.
Dec 07, 2020 4:48:47 PM org.apache.catalina.core.AprLifecycleListener init
INFO: APR capabilities: IPv6 [false], sendfile [true], accept filters [false], random [true].
Dec 07, 2020 4:48:47 PM org.apache.coyote.AbstractProtocol init
INFO: Initializing ProtocolHandler ["http-apr-9999"]
Dec 07, 2020 4:48:47 PM org.apache.coyote.AbstractProtocol init
SEVERE: Failed to initialize end point associated with ProtocolHandler ["http-apr-9999"]
java.lang.Exception: Socket bind failed: [730048] Only one usage of each socket address (protocol/network address/port) is normally permitted.  
	at org.apache.tomcat.util.net.AprEndpoint.bind(AprEndpoint.java:409)
	at org.apache.tomcat.util.net.AbstractEndpoint.init(AbstractEndpoint.java:492)
	at org.apache.coyote.AbstractProtocol.init(AbstractProtocol.java:369)
	at org.apache.catalina.connector.Connector.initInternal(Connector.java:909)
	at org.apache.catalina.util.LifecycleBase.init(LifecycleBase.java:102)
	at org.apache.catalina.core.StandardService.initInternal(StandardService.java:559)
	at org.apache.catalina.util.LifecycleBase.init(LifecycleBase.java:102)
	at org.apache.catalina.core.StandardServer.initInternal(StandardServer.java:781)
	at org.apache.catalina.util.LifecycleBase.init(LifecycleBase.java:102)
	at org.apache.catalina.startup.Catalina.load(Catalina.java:573)
	at org.apache.catalina.startup.Catalina.load(Catalina.java:596)
	at sun.reflect.NativeMethodAccessorImpl.invoke0(Native Method)
	at sun.reflect.NativeMethodAccessorImpl.invoke(NativeMethodAccessorImpl.java:57)
	at sun.reflect.DelegatingMethodAccessorImpl.invoke(DelegatingMethodAccessorImpl.java:43)
	at java.lang.reflect.Method.invoke(Method.java:606)
	at org.apache.catalina.startup.Bootstrap.load(Bootstrap.java:281)
	at org.apache.catalina.startup.Bootstrap.main(Bootstrap.java:449)

Dec 07, 2020 4:48:47 PM org.apache.catalina.core.StandardService initInternal
SEVERE: Failed to initialize connector [Connector[HTTP/1.1-9999]]
org.apache.catalina.LifecycleException: Failed to initialize component [Connector[HTTP/1.1-9999]]
	at org.apache.catalina.util.LifecycleBase.init(LifecycleBase.java:106)
	at org.apache.catalina.core.StandardService.initInternal(StandardService.java:559)
	at org.apache.catalina.util.LifecycleBase.init(LifecycleBase.java:102)
	at org.apache.catalina.core.StandardServer.initInternal(StandardServer.java:781)
	at org.apache.catalina.util.LifecycleBase.init(LifecycleBase.java:102)
	at org.apache.catalina.startup.Catalina.load(Catalina.java:573)
	at org.apache.catalina.startup.Catalina.load(Catalina.java:596)
	at sun.reflect.NativeMethodAccessorImpl.invoke0(Native Method)
	at sun.reflect.NativeMethodAccessorImpl.invoke(NativeMethodAccessorImpl.java:57)
	at sun.reflect.DelegatingMethodAccessorImpl.invoke(DelegatingMethodAccessorImpl.java:43)
	at java.lang.reflect.Method.invoke(Method.java:606)
	at org.apache.catalina.startup.Bootstrap.load(Bootstrap.java:281)
	at org.apache.catalina.startup.Bootstrap.main(Bootstrap.java:449)
Caused by: org.apache.catalina.LifecycleException: Protocol handler initialization failed
	at org.apache.catalina.connector.Connector.initInternal(Connector.java:911)
	at org.apache.catalina.util.LifecycleBase.init(LifecycleBase.java:102)
	... 12 more
Caused by: java.lang.Exception: Socket bind failed: [730048] Only one usage of each socket address (protocol/network address/port) is normally permitted.  
	at org.apache.tomcat.util.net.AprEndpoint.bind(AprEndpoint.java:409)
	at org.apache.tomcat.util.net.AbstractEndpoint.init(AbstractEndpoint.java:492)
	at org.apache.coyote.AbstractProtocol.init(AbstractProtocol.java:369)
	at org.apache.catalina.connector.Connector.initInternal(Connector.java:909)
	... 13 more

Dec 07, 2020 4:48:47 PM org.apache.coyote.AbstractProtocol init
INFO: Initializing ProtocolHandler ["ajp-apr-8009"]
Dec 07, 2020 4:48:47 PM org.apache.coyote.AbstractProtocol init
SEVERE: Failed to initialize end point associated with ProtocolHandler ["ajp-apr-8009"]
java.lang.Exception: Socket bind failed: [730048] Only one usage of each socket address (protocol/network address/port) is normally permitted.  
	at org.apache.tomcat.util.net.AprEndpoint.bind(AprEndpoint.java:409)
	at org.apache.tomcat.util.net.AbstractEndpoint.init(AbstractEndpoint.java:492)
	at org.apache.coyote.AbstractProtocol.init(AbstractProtocol.java:369)
	at org.apache.catalina.connector.Connector.initInternal(Connector.java:909)
	at org.apache.catalina.util.LifecycleBase.init(LifecycleBase.java:102)
	at org.apache.catalina.core.StandardService.initInternal(StandardService.java:559)
	at org.apache.catalina.util.LifecycleBase.init(LifecycleBase.java:102)
	at org.apache.catalina.core.StandardServer.initInternal(StandardServer.java:781)
	at org.apache.catalina.util.LifecycleBase.init(LifecycleBase.java:102)
	at org.apache.catalina.startup.Catalina.load(Catalina.java:573)
	at org.apache.catalina.startup.Catalina.load(Catalina.java:596)
	at sun.reflect.NativeMethodAccessorImpl.invoke0(Native Method)
	at sun.reflect.NativeMethodAccessorImpl.invoke(NativeMethodAccessorImpl.java:57)
	at sun.reflect.DelegatingMethodAccessorImpl.invoke(DelegatingMethodAccessorImpl.java:43)
	at java.lang.reflect.Method.invoke(Method.java:606)
	at org.apache.catalina.startup.Bootstrap.load(Bootstrap.java:281)
	at org.apache.catalina.startup.Bootstrap.main(Bootstrap.java:449)

Dec 07, 2020 4:48:47 PM org.apache.catalina.core.StandardService initInternal
SEVERE: Failed to initialize connector [Connector[AJP/1.3-8009]]
org.apache.catalina.LifecycleException: Failed to initialize component [Connector[AJP/1.3-8009]]
	at org.apache.catalina.util.LifecycleBase.init(LifecycleBase.java:106)
	at org.apache.catalina.core.StandardService.initInternal(StandardService.java:559)
	at org.apache.catalina.util.LifecycleBase.init(LifecycleBase.java:102)
	at org.apache.catalina.core.StandardServer.initInternal(StandardServer.java:781)
	at org.apache.catalina.util.LifecycleBase.init(LifecycleBase.java:102)
	at org.apache.catalina.startup.Catalina.load(Catalina.java:573)
	at org.apache.catalina.startup.Catalina.load(Catalina.java:596)
	at sun.reflect.NativeMethodAccessorImpl.invoke0(Native Method)
	at sun.reflect.NativeMethodAccessorImpl.invoke(NativeMethodAccessorImpl.java:57)
	at sun.reflect.DelegatingMethodAccessorImpl.invoke(DelegatingMethodAccessorImpl.java:43)
	at java.lang.reflect.Method.invoke(Method.java:606)
	at org.apache.catalina.startup.Bootstrap.load(Bootstrap.java:281)
	at org.apache.catalina.startup.Bootstrap.main(Bootstrap.java:449)
Caused by: org.apache.catalina.LifecycleException: Protocol handler initialization failed
	at org.apache.catalina.connector.Connector.initInternal(Connector.java:911)
	at org.apache.catalina.util.LifecycleBase.init(LifecycleBase.java:102)
	... 12 more
Caused by: java.lang.Exception: Socket bind failed: [730048] Only one usage of each socket address (protocol/network address/port) is normally permitted.  
	at org.apache.tomcat.util.net.AprEndpoint.bind(AprEndpoint.java:409)
	at org.apache.tomcat.util.net.AbstractEndpoint.init(AbstractEndpoint.java:492)
	at org.apache.coyote.AbstractProtocol.init(AbstractProtocol.java:369)
	at org.apache.catalina.connector.Connector.initInternal(Connector.java:909)
	... 13 more

Dec 07, 2020 4:48:47 PM org.apache.catalina.startup.Catalina load
INFO: Initialization processed in 795 ms
Dec 07, 2020 4:48:47 PM org.apache.catalina.core.StandardService startInternal
INFO: Starting service Catalina
Dec 07, 2020 4:48:47 PM org.apache.catalina.core.StandardEngine startInternal
INFO: Starting Servlet Engine: Apache Tomcat/7.0.21
Dec 07, 2020 4:48:47 PM org.apache.catalina.startup.HostConfig deployDescriptor
INFO: Deploying configuration descriptor ConfigDemoServlet.xml from C:\apache-tomcat-7.0.21\conf\Catalina\localhost
Dec 07, 2020 4:48:48 PM org.apache.catalina.startup.HostConfig deployDescriptor
INFO: Deploying configuration descriptor ContextDemoServlet.xml from C:\apache-tomcat-7.0.21\conf\Catalina\localhost
Dec 07, 2020 4:48:48 PM org.apache.catalina.startup.HostConfig deployDescriptor
INFO: Deploying configuration descriptor LifeCycleDemoServlet.xml from C:\apache-tomcat-7.0.21\conf\Catalina\localhost
Dec 07, 2020 4:48:48 PM org.apache.catalina.startup.HostConfig deployDescriptor
INFO: Deploying configuration descriptor P2_SimpleServlet.xml from C:\apache-tomcat-7.0.21\conf\Catalina\localhost
Dec 07, 2020 4:48:48 PM org.apache.catalina.startup.HostConfig deployDescriptor
INFO: Deploying configuration descriptor RequestDemoServlet.xml from C:\apache-tomcat-7.0.21\conf\Catalina\localhost
Dec 07, 2020 4:48:48 PM org.apache.catalina.startup.HostConfig deployDescriptor
INFO: Deploying configuration descriptor servlet#ConfigDemoServlet.xml from C:\apache-tomcat-7.0.21\conf\Catalina\localhost
Dec 07, 2020 4:48:48 PM org.apache.catalina.core.StandardContext setPath
WARNING: A context path must either be an empty string or start with a '/'. The path [servlet/ConfigDemoServlet] does not meet these criteria and has been changed to [/servlet/ConfigDemoServlet] 
Dec 07, 2020 4:48:48 PM org.apache.catalina.startup.HostConfig deployDescriptor
INFO: Deploying configuration descriptor ShareDemoServlet.xml from C:\apache-tomcat-7.0.21\conf\Catalina\localhost
Dec 07, 2020 4:48:48 PM org.apache.catalina.startup.HostConfig deployDirectory
INFO: Deploying web application directory docs
Dec 07, 2020 4:48:48 PM org.apache.catalina.startup.HostConfig deployDirectory
INFO: Deploying web application directory examples
Dec 07, 2020 4:48:48 PM org.apache.catalina.startup.HostConfig deployDirectory
INFO: Deploying web application directory host-manager
Dec 07, 2020 4:48:48 PM org.apache.catalina.startup.HostConfig deployDirectory
INFO: Deploying web application directory manager
Dec 07, 2020 4:48:48 PM org.apache.catalina.startup.HostConfig deployDirectory
INFO: Deploying web application directory myApp
Dec 07, 2020 4:48:48 PM org.apache.catalina.startup.HostConfig deployDirectory
INFO: Deploying web application directory ROOT
Dec 07, 2020 4:48:48 PM org.apache.catalina.startup.Catalina start
INFO: Server startup in 1308 ms
Dec 07, 2020 4:48:48 PM org.apache.catalina.core.StandardServer await
SEVERE: StandardServer.await: create[localhost:8005]: 
java.net.BindException: Address already in use: JVM_Bind
	at java.net.TwoStacksPlainSocketImpl.socketBind(Native Method)
	at java.net.TwoStacksPlainSocketImpl.socketBind(TwoStacksPlainSocketImpl.java:137)
	at java.net.AbstractPlainSocketImpl.bind(AbstractPlainSocketImpl.java:376)
	at java.net.TwoStacksPlainSocketImpl.bind(TwoStacksPlainSocketImpl.java:110)
	at java.net.PlainSocketImpl.bind(PlainSocketImpl.java:190)
	at java.net.ServerSocket.bind(ServerSocket.java:376)
	at java.net.ServerSocket.<init>(ServerSocket.java:237)
	at org.apache.catalina.core.StandardServer.await(StandardServer.java:422)
	at org.apache.catalina.startup.Catalina.await(Catalina.java:709)
	at org.apache.catalina.startup.Catalina.start(Catalina.java:654)
	at sun.reflect.NativeMethodAccessorImpl.invoke0(Native Method)
	at sun.reflect.NativeMethodAccessorImpl.invoke(NativeMethodAccessorImpl.java:57)
	at sun.reflect.DelegatingMethodAccessorImpl.invoke(DelegatingMethodAccessorImpl.java:43)
	at java.lang.reflect.Method.invoke(Method.java:606)
	at org.apache.catalina.startup.Bootstrap.start(Bootstrap.java:322)
	at org.apache.catalina.startup.Bootstrap.main(Bootstrap.java:450)

Dec 07, 2020 4:48:48 PM org.apache.coyote.AbstractProtocol pause
INFO: Pausing ProtocolHandler ["http-apr-9999"]
Dec 07, 2020 4:48:48 PM org.apache.coyote.AbstractProtocol pause
INFO: Pausing ProtocolHandler ["ajp-apr-8009"]
Dec 07, 2020 4:48:48 PM org.apache.catalina.core.StandardService stopInternal
INFO: Stopping service Catalina
Dec 07, 2020 4:48:48 PM org.apache.coyote.AbstractProtocol destroy
INFO: Destroying ProtocolHandler ["http-apr-9999"]
Dec 07, 2020 4:48:48 PM org.apache.coyote.AbstractProtocol destroy
INFO: Destroying ProtocolHandler ["ajp-apr-8009"]
Dec 07, 2020 4:49:13 PM org.apache.catalina.core.StandardServer await
INFO: A valid shutdown command was received via the shutdown port. Stopping the Server instance.
Dec 07, 2020 4:49:13 PM org.apache.coyote.AbstractProtocol pause
INFO: Pausing ProtocolHandler ["http-apr-9999"]
Dec 07, 2020 4:49:14 PM org.apache.coyote.AbstractProtocol pause
INFO: Pausing ProtocolHandler ["ajp-apr-8009"]
Dec 07, 2020 4:49:15 PM org.apache.catalina.core.AprLifecycleListener init
INFO: Loaded APR based Apache Tomcat Native library 1.1.22.
Dec 07, 2020 4:49:15 PM org.apache.catalina.core.AprLifecycleListener init
INFO: APR capabilities: IPv6 [false], sendfile [true], accept filters [false], random [true].
Dec 07, 2020 4:49:15 PM org.apache.coyote.AbstractProtocol init
INFO: Initializing ProtocolHandler ["http-apr-9999"]
Dec 07, 2020 4:49:15 PM org.apache.coyote.AbstractProtocol init
SEVERE: Failed to initialize end point associated with ProtocolHandler ["http-apr-9999"]
java.lang.Exception: Socket bind failed: [730048] Only one usage of each socket address (protocol/network address/port) is normally permitted.  
	at org.apache.tomcat.util.net.AprEndpoint.bind(AprEndpoint.java:409)
	at org.apache.tomcat.util.net.AbstractEndpoint.init(AbstractEndpoint.java:492)
	at org.apache.coyote.AbstractProtocol.init(AbstractProtocol.java:369)
	at org.apache.catalina.connector.Connector.initInternal(Connector.java:909)
	at org.apache.catalina.util.LifecycleBase.init(LifecycleBase.java:102)
	at org.apache.catalina.core.StandardService.initInternal(StandardService.java:559)
	at org.apache.catalina.util.LifecycleBase.init(LifecycleBase.java:102)
	at org.apache.catalina.core.StandardServer.initInternal(StandardServer.java:781)
	at org.apache.catalina.util.LifecycleBase.init(LifecycleBase.java:102)
	at org.apache.catalina.startup.Catalina.load(Catalina.java:573)
	at org.apache.catalina.startup.Catalina.load(Catalina.java:596)
	at sun.reflect.NativeMethodAccessorImpl.invoke0(Native Method)
	at sun.reflect.NativeMethodAccessorImpl.invoke(NativeMethodAccessorImpl.java:57)
	at sun.reflect.DelegatingMethodAccessorImpl.invoke(DelegatingMethodAccessorImpl.java:43)
	at java.lang.reflect.Method.invoke(Method.java:606)
	at org.apache.catalina.startup.Bootstrap.load(Bootstrap.java:281)
	at org.apache.catalina.startup.Bootstrap.main(Bootstrap.java:449)

Dec 07, 2020 4:49:15 PM org.apache.catalina.core.StandardService initInternal
SEVERE: Failed to initialize connector [Connector[HTTP/1.1-9999]]
org.apache.catalina.LifecycleException: Failed to initialize component [Connector[HTTP/1.1-9999]]
	at org.apache.catalina.util.LifecycleBase.init(LifecycleBase.java:106)
	at org.apache.catalina.core.StandardService.initInternal(StandardService.java:559)
	at org.apache.catalina.util.LifecycleBase.init(LifecycleBase.java:102)
	at org.apache.catalina.core.StandardServer.initInternal(StandardServer.java:781)
	at org.apache.catalina.util.LifecycleBase.init(LifecycleBase.java:102)
	at org.apache.catalina.startup.Catalina.load(Catalina.java:573)
	at org.apache.catalina.startup.Catalina.load(Catalina.java:596)
	at sun.reflect.NativeMethodAccessorImpl.invoke0(Native Method)
	at sun.reflect.NativeMethodAccessorImpl.invoke(NativeMethodAccessorImpl.java:57)
	at sun.reflect.DelegatingMethodAccessorImpl.invoke(DelegatingMethodAccessorImpl.java:43)
	at java.lang.reflect.Method.invoke(Method.java:606)
	at org.apache.catalina.startup.Bootstrap.load(Bootstrap.java:281)
	at org.apache.catalina.startup.Bootstrap.main(Bootstrap.java:449)
Caused by: org.apache.catalina.LifecycleException: Protocol handler initialization failed
	at org.apache.catalina.connector.Connector.initInternal(Connector.java:911)
	at org.apache.catalina.util.LifecycleBase.init(LifecycleBase.java:102)
	... 12 more
Caused by: java.lang.Exception: Socket bind failed: [730048] Only one usage of each socket address (protocol/network address/port) is normally permitted.  
	at org.apache.tomcat.util.net.AprEndpoint.bind(AprEndpoint.java:409)
	at org.apache.tomcat.util.net.AbstractEndpoint.init(AbstractEndpoint.java:492)
	at org.apache.coyote.AbstractProtocol.init(AbstractProtocol.java:369)
	at org.apache.catalina.connector.Connector.initInternal(Connector.java:909)
	... 13 more

Dec 07, 2020 4:49:15 PM org.apache.coyote.AbstractProtocol init
INFO: Initializing ProtocolHandler ["ajp-apr-8009"]
Dec 07, 2020 4:49:15 PM org.apache.coyote.AbstractProtocol init
SEVERE: Failed to initialize end point associated with ProtocolHandler ["ajp-apr-8009"]
java.lang.Exception: Socket bind failed: [730048] Only one usage of each socket address (protocol/network address/port) is normally permitted.  
	at org.apache.tomcat.util.net.AprEndpoint.bind(AprEndpoint.java:409)
	at org.apache.tomcat.util.net.AbstractEndpoint.init(AbstractEndpoint.java:492)
	at org.apache.coyote.AbstractProtocol.init(AbstractProtocol.java:369)
	at org.apache.catalina.connector.Connector.initInternal(Connector.java:909)
	at org.apache.catalina.util.LifecycleBase.init(LifecycleBase.java:102)
	at org.apache.catalina.core.StandardService.initInternal(StandardService.java:559)
	at org.apache.catalina.util.LifecycleBase.init(LifecycleBase.java:102)
	at org.apache.catalina.core.StandardServer.initInternal(StandardServer.java:781)
	at org.apache.catalina.util.LifecycleBase.init(LifecycleBase.java:102)
	at org.apache.catalina.startup.Catalina.load(Catalina.java:573)
	at org.apache.catalina.startup.Catalina.load(Catalina.java:596)
	at sun.reflect.NativeMethodAccessorImpl.invoke0(Native Method)
	at sun.reflect.NativeMethodAccessorImpl.invoke(NativeMethodAccessorImpl.java:57)
	at sun.reflect.DelegatingMethodAccessorImpl.invoke(DelegatingMethodAccessorImpl.java:43)
	at java.lang.reflect.Method.invoke(Method.java:606)
	at org.apache.catalina.startup.Bootstrap.load(Bootstrap.java:281)
	at org.apache.catalina.startup.Bootstrap.main(Bootstrap.java:449)

Dec 07, 2020 4:49:15 PM org.apache.catalina.core.StandardService stopInternal
INFO: Stopping service Catalina
Dec 07, 2020 4:49:15 PM org.apache.catalina.core.StandardService initInternal
SEVERE: Failed to initialize connector [Connector[AJP/1.3-8009]]
org.apache.catalina.LifecycleException: Failed to initialize component [Connector[AJP/1.3-8009]]
	at org.apache.catalina.util.LifecycleBase.init(LifecycleBase.java:106)
	at org.apache.catalina.core.StandardService.initInternal(StandardService.java:559)
	at org.apache.catalina.util.LifecycleBase.init(LifecycleBase.java:102)
	at org.apache.catalina.core.StandardServer.initInternal(StandardServer.java:781)
	at org.apache.catalina.util.LifecycleBase.init(LifecycleBase.java:102)
	at org.apache.catalina.startup.Catalina.load(Catalina.java:573)
	at org.apache.catalina.startup.Catalina.load(Catalina.java:596)
	at sun.reflect.NativeMethodAccessorImpl.invoke0(Native Method)
	at sun.reflect.NativeMethodAccessorImpl.invoke(NativeMethodAccessorImpl.java:57)
	at sun.reflect.DelegatingMethodAccessorImpl.invoke(DelegatingMethodAccessorImpl.java:43)
	at java.lang.reflect.Method.invoke(Method.java:606)
	at org.apache.catalina.startup.Bootstrap.load(Bootstrap.java:281)
	at org.apache.catalina.startup.Bootstrap.main(Bootstrap.java:449)
Caused by: org.apache.catalina.LifecycleException: Protocol handler initialization failed
	at org.apache.catalina.connector.Connector.initInternal(Connector.java:911)
	at org.apache.catalina.util.LifecycleBase.init(LifecycleBase.java:102)
	... 12 more
Caused by: java.lang.Exception: Socket bind failed: [730048] Only one usage of each socket address (protocol/network address/port) is normally permitted.  
	at org.apache.tomcat.util.net.AprEndpoint.bind(AprEndpoint.java:409)
	at org.apache.tomcat.util.net.AbstractEndpoint.init(AbstractEndpoint.java:492)
	at org.apache.coyote.AbstractProtocol.init(AbstractProtocol.java:369)
	at org.apache.catalina.connector.Connector.initInternal(Connector.java:909)
	... 13 more

Dec 07, 2020 4:49:15 PM org.apache.catalina.startup.Catalina load
INFO: Initialization processed in 763 ms
Dec 07, 2020 4:49:15 PM org.apache.catalina.core.StandardService startInternal
INFO: Starting service Catalina
Dec 07, 2020 4:49:15 PM org.apache.catalina.core.StandardEngine startInternal
INFO: Starting Servlet Engine: Apache Tomcat/7.0.21
Dec 07, 2020 4:49:15 PM org.apache.catalina.startup.HostConfig deployDescriptor
INFO: Deploying configuration descriptor ConfigDemoServlet.xml from C:\apache-tomcat-7.0.21\conf\Catalina\localhost
Dec 07, 2020 4:49:16 PM org.apache.catalina.startup.HostConfig deployDescriptor
INFO: Deploying configuration descriptor ContextDemoServlet.xml from C:\apache-tomcat-7.0.21\conf\Catalina\localhost
Dec 07, 2020 4:49:16 PM org.apache.catalina.startup.HostConfig deployDescriptor
INFO: Deploying configuration descriptor LifeCycleDemoServlet.xml from C:\apache-tomcat-7.0.21\conf\Catalina\localhost
Dec 07, 2020 4:49:16 PM org.apache.catalina.startup.HostConfig deployDescriptor
INFO: Deploying configuration descriptor P2_SimpleServlet.xml from C:\apache-tomcat-7.0.21\conf\Catalina\localhost
Dec 07, 2020 4:49:16 PM org.apache.catalina.startup.HostConfig deployDescriptor
INFO: Deploying configuration descriptor RequestDemoServlet.xml from C:\apache-tomcat-7.0.21\conf\Catalina\localhost
Dec 07, 2020 4:49:16 PM org.apache.coyote.AbstractProtocol stop
INFO: Stopping ProtocolHandler ["http-apr-9999"]
Dec 07, 2020 4:49:16 PM org.apache.catalina.startup.HostConfig deployDescriptor
INFO: Deploying configuration descriptor servlet#ConfigDemoServlet.xml from C:\apache-tomcat-7.0.21\conf\Catalina\localhost
Dec 07, 2020 4:49:16 PM org.apache.catalina.core.StandardContext setPath
WARNING: A context path must either be an empty string or start with a '/'. The path [servlet/ConfigDemoServlet] does not meet these criteria and has been changed to [/servlet/ConfigDemoServlet] 
Dec 07, 2020 4:49:16 PM org.apache.catalina.startup.HostConfig deployDescriptor
INFO: Deploying configuration descriptor ShareDemoServlet.xml from C:\apache-tomcat-7.0.21\conf\Catalina\localhost
Dec 07, 2020 4:49:16 PM org.apache.catalina.startup.HostConfig deployDirectory
INFO: Deploying web application directory docs
Dec 07, 2020 4:49:16 PM org.apache.catalina.startup.HostConfig deployDirectory
INFO: Deploying web application directory examples
Dec 07, 2020 4:49:16 PM org.apache.catalina.startup.HostConfig deployDirectory
INFO: Deploying web application directory host-manager
Dec 07, 2020 4:49:16 PM org.apache.catalina.startup.HostConfig deployDirectory
INFO: Deploying web application directory manager
Dec 07, 2020 4:49:16 PM org.apache.coyote.AbstractProtocol stop
INFO: Stopping ProtocolHandler ["ajp-apr-8009"]
Dec 07, 2020 4:49:16 PM org.apache.coyote.AbstractProtocol destroy
INFO: Destroying ProtocolHandler ["http-apr-9999"]
Dec 07, 2020 4:49:16 PM org.apache.coyote.AbstractProtocol destroy
INFO: Destroying ProtocolHandler ["ajp-apr-8009"]
Dec 07, 2020 4:49:16 PM org.apache.catalina.startup.HostConfig deployDirectory
INFO: Deploying web application directory myApp
Dec 07, 2020 4:49:16 PM org.apache.catalina.startup.HostConfig deployDirectory
INFO: Deploying web application directory ROOT
Dec 07, 2020 4:49:16 PM org.apache.catalina.startup.Catalina start
INFO: Server startup in 1358 ms
Dec 07, 2020 4:50:17 PM org.apache.catalina.startup.HostConfig checkResources
INFO: Reloading context [/myApp]
Dec 07, 2020 4:50:27 PM org.apache.catalina.core.StandardContext reload
INFO: Reloading Context with name [/myApp] has started
Dec 07, 2020 4:50:27 PM org.apache.catalina.core.StandardContext reload
INFO: Reloading Context with name [/myApp] is completed
Dec 07, 2020 4:50:32 PM org.apache.catalina.core.StandardServer await
INFO: A valid shutdown command was received via the shutdown port. Stopping the Server instance.
Dec 07, 2020 4:50:32 PM org.apache.coyote.AbstractProtocol pause
INFO: Pausing ProtocolHandler ["http-apr-9999"]
Dec 07, 2020 4:50:32 PM org.apache.coyote.AbstractProtocol pause
INFO: Pausing ProtocolHandler ["ajp-apr-8009"]
Dec 07, 2020 4:50:32 PM org.apache.catalina.core.StandardService stopInternal
INFO: Stopping service Catalina
Dec 07, 2020 4:50:32 PM org.apache.coyote.AbstractProtocol destroy
INFO: Destroying ProtocolHandler ["http-apr-9999"]
Dec 07, 2020 4:50:32 PM org.apache.coyote.AbstractProtocol destroy
INFO: Destroying ProtocolHandler ["ajp-apr-8009"]
Dec 07, 2020 4:50:34 PM org.apache.catalina.core.AprLifecycleListener init
INFO: Loaded APR based Apache Tomcat Native library 1.1.22.
Dec 07, 2020 4:50:34 PM org.apache.catalina.core.AprLifecycleListener init
INFO: APR capabilities: IPv6 [false], sendfile [true], accept filters [false], random [true].
Dec 07, 2020 4:50:34 PM org.apache.coyote.AbstractProtocol init
INFO: Initializing ProtocolHandler ["http-apr-9999"]
Dec 07, 2020 4:50:34 PM org.apache.coyote.AbstractProtocol init
INFO: Initializing ProtocolHandler ["ajp-apr-8009"]
Dec 07, 2020 4:50:34 PM org.apache.catalina.startup.Catalina load
INFO: Initialization processed in 706 ms
Dec 07, 2020 4:50:34 PM org.apache.catalina.core.StandardService startInternal
INFO: Starting service Catalina
Dec 07, 2020 4:50:34 PM org.apache.catalina.core.StandardEngine startInternal
INFO: Starting Servlet Engine: Apache Tomcat/7.0.21
Dec 07, 2020 4:50:34 PM org.apache.catalina.startup.HostConfig deployDescriptor
INFO: Deploying configuration descriptor ConfigDemoServlet.xml from C:\apache-tomcat-7.0.21\conf\Catalina\localhost
Dec 07, 2020 4:50:35 PM org.apache.catalina.startup.HostConfig deployDescriptor
INFO: Deploying configuration descriptor ContextDemoServlet.xml from C:\apache-tomcat-7.0.21\conf\Catalina\localhost
Dec 07, 2020 4:50:35 PM org.apache.catalina.startup.HostConfig deployDescriptor
INFO: Deploying configuration descriptor LifeCycleDemoServlet.xml from C:\apache-tomcat-7.0.21\conf\Catalina\localhost
Dec 07, 2020 4:50:35 PM org.apache.catalina.startup.HostConfig deployDescriptor
INFO: Deploying configuration descriptor P2_SimpleServlet.xml from C:\apache-tomcat-7.0.21\conf\Catalina\localhost
Dec 07, 2020 4:50:35 PM org.apache.catalina.startup.HostConfig deployDescriptor
INFO: Deploying configuration descriptor RequestDemoServlet.xml from C:\apache-tomcat-7.0.21\conf\Catalina\localhost
Dec 07, 2020 4:50:35 PM org.apache.catalina.startup.HostConfig deployDescriptor
INFO: Deploying configuration descriptor servlet#ConfigDemoServlet.xml from C:\apache-tomcat-7.0.21\conf\Catalina\localhost
Dec 07, 2020 4:50:35 PM org.apache.catalina.core.StandardContext setPath
WARNING: A context path must either be an empty string or start with a '/'. The path [servlet/ConfigDemoServlet] does not meet these criteria and has been changed to [/servlet/ConfigDemoServlet] 
Dec 07, 2020 4:50:35 PM org.apache.catalina.startup.HostConfig deployDescriptor
INFO: Deploying configuration descriptor ShareDemoServlet.xml from C:\apache-tomcat-7.0.21\conf\Catalina\localhost
Dec 07, 2020 4:50:35 PM org.apache.catalina.startup.HostConfig deployDirectory
INFO: Deploying web application directory docs
Dec 07, 2020 4:50:35 PM org.apache.catalina.startup.HostConfig deployDirectory
INFO: Deploying web application directory examples
Dec 07, 2020 4:50:35 PM org.apache.catalina.startup.HostConfig deployDirectory
INFO: Deploying web application directory host-manager
Dec 07, 2020 4:50:36 PM org.apache.catalina.startup.HostConfig deployDirectory
INFO: Deploying web application directory manager
Dec 07, 2020 4:50:36 PM org.apache.catalina.startup.HostConfig deployDirectory
INFO: Deploying web application directory myApp
Dec 07, 2020 4:50:36 PM org.apache.catalina.startup.HostConfig deployDirectory
INFO: Deploying web application directory ROOT
Dec 07, 2020 4:50:36 PM org.apache.coyote.AbstractProtocol start
INFO: Starting ProtocolHandler ["http-apr-9999"]
Dec 07, 2020 4:50:36 PM org.apache.coyote.AbstractProtocol start
INFO: Starting ProtocolHandler ["ajp-apr-8009"]
Dec 07, 2020 4:50:36 PM org.apache.catalina.startup.Catalina start
INFO: Server startup in 1579 ms
Dec 07, 2020 5:13:07 PM org.apache.catalina.core.StandardContext reload
INFO: Reloading Context with name [/myApp] has started
Dec 07, 2020 5:13:07 PM org.apache.catalina.core.StandardContext reload
INFO: Reloading Context with name [/myApp] is completed
Dec 07, 2020 5:13:16 PM org.apache.catalina.core.StandardServer await
INFO: A valid shutdown command was received via the shutdown port. Stopping the Server instance.
Dec 07, 2020 5:13:16 PM org.apache.coyote.AbstractProtocol pause
INFO: Pausing ProtocolHandler ["http-apr-9999"]
Dec 07, 2020 5:13:17 PM org.apache.coyote.AbstractProtocol pause
INFO: Pausing ProtocolHandler ["ajp-apr-8009"]
Dec 07, 2020 5:13:18 PM org.apache.catalina.core.AprLifecycleListener init
INFO: Loaded APR based Apache Tomcat Native library 1.1.22.
Dec 07, 2020 5:13:18 PM org.apache.catalina.core.AprLifecycleListener init
INFO: APR capabilities: IPv6 [false], sendfile [true], accept filters [false], random [true].
Dec 07, 2020 5:13:18 PM org.apache.catalina.core.StandardService stopInternal
INFO: Stopping service Catalina
Dec 07, 2020 5:13:18 PM org.apache.coyote.AbstractProtocol stop
INFO: Stopping ProtocolHandler ["http-apr-9999"]
Dec 07, 2020 5:13:18 PM org.apache.coyote.AbstractProtocol stop
INFO: Stopping ProtocolHandler ["ajp-apr-8009"]
Dec 07, 2020 5:13:18 PM org.apache.coyote.AbstractProtocol destroy
INFO: Destroying ProtocolHandler ["http-apr-9999"]
Dec 07, 2020 5:13:18 PM org.apache.coyote.AbstractProtocol destroy
INFO: Destroying ProtocolHandler ["ajp-apr-8009"]
Dec 07, 2020 5:13:18 PM org.apache.coyote.AbstractProtocol init
INFO: Initializing ProtocolHandler ["http-apr-9999"]
Dec 07, 2020 5:13:18 PM org.apache.coyote.AbstractProtocol init
INFO: Initializing ProtocolHandler ["ajp-apr-8009"]
Dec 07, 2020 5:13:18 PM org.apache.catalina.startup.Catalina load
INFO: Initialization processed in 869 ms
Dec 07, 2020 5:13:18 PM org.apache.catalina.core.StandardService startInternal
INFO: Starting service Catalina
Dec 07, 2020 5:13:18 PM org.apache.catalina.core.StandardEngine startInternal
INFO: Starting Servlet Engine: Apache Tomcat/7.0.21
Dec 07, 2020 5:13:18 PM org.apache.catalina.startup.HostConfig deployDescriptor
INFO: Deploying configuration descriptor ConfigDemoServlet.xml from C:\apache-tomcat-7.0.21\conf\Catalina\localhost
Dec 07, 2020 5:13:19 PM org.apache.catalina.startup.HostConfig deployDescriptor
INFO: Deploying configuration descriptor ContextDemoServlet.xml from C:\apache-tomcat-7.0.21\conf\Catalina\localhost
Dec 07, 2020 5:13:19 PM org.apache.catalina.startup.HostConfig deployDescriptor
INFO: Deploying configuration descriptor LifeCycleDemoServlet.xml from C:\apache-tomcat-7.0.21\conf\Catalina\localhost
Dec 07, 2020 5:13:19 PM org.apache.catalina.startup.HostConfig deployDescriptor
INFO: Deploying configuration descriptor P2_SimpleServlet.xml from C:\apache-tomcat-7.0.21\conf\Catalina\localhost
Dec 07, 2020 5:13:19 PM org.apache.catalina.startup.HostConfig deployDescriptor
INFO: Deploying configuration descriptor RequestDemoServlet.xml from C:\apache-tomcat-7.0.21\conf\Catalina\localhost
Dec 07, 2020 5:13:19 PM org.apache.catalina.startup.HostConfig deployDescriptor
INFO: Deploying configuration descriptor servlet#ConfigDemoServlet.xml from C:\apache-tomcat-7.0.21\conf\Catalina\localhost
Dec 07, 2020 5:13:19 PM org.apache.catalina.core.StandardContext setPath
WARNING: A context path must either be an empty string or start with a '/'. The path [servlet/ConfigDemoServlet] does not meet these criteria and has been changed to [/servlet/ConfigDemoServlet] 
Dec 07, 2020 5:13:19 PM org.apache.catalina.startup.HostConfig deployDescriptor
INFO: Deploying configuration descriptor ShareDemoServlet.xml from C:\apache-tomcat-7.0.21\conf\Catalina\localhost
Dec 07, 2020 5:13:20 PM org.apache.catalina.startup.HostConfig deployDirectory
INFO: Deploying web application directory docs
Dec 07, 2020 5:13:20 PM org.apache.catalina.startup.HostConfig deployDirectory
INFO: Deploying web application directory examples
Dec 07, 2020 5:13:20 PM org.apache.catalina.startup.HostConfig deployDirectory
INFO: Deploying web application directory host-manager
Dec 07, 2020 5:13:20 PM org.apache.catalina.startup.HostConfig deployDirectory
INFO: Deploying web application directory manager
Dec 07, 2020 5:13:20 PM org.apache.catalina.startup.HostConfig deployDirectory
INFO: Deploying web application directory myApp
Dec 07, 2020 5:13:20 PM org.apache.catalina.startup.HostConfig deployDirectory
INFO: Deploying web application directory ROOT
Dec 07, 2020 5:13:20 PM org.apache.coyote.AbstractProtocol start
INFO: Starting ProtocolHandler ["http-apr-9999"]
Dec 07, 2020 5:13:20 PM org.apache.coyote.AbstractProtocol start
INFO: Starting ProtocolHandler ["ajp-apr-8009"]
Dec 07, 2020 5:13:20 PM org.apache.catalina.startup.Catalina start
INFO: Server startup in 1597 ms
Dec 07, 2020 5:31:16 PM org.apache.coyote.AbstractProtocol pause
INFO: Pausing ProtocolHandler ["http-apr-9999"]
Dec 07, 2020 5:31:17 PM org.apache.coyote.AbstractProtocol pause
INFO: Pausing ProtocolHandler ["ajp-apr-8009"]
Dec 07, 2020 5:31:18 PM org.apache.catalina.core.StandardService stopInternal
INFO: Stopping service Catalina
Dec 07, 2020 5:31:18 PM org.apache.coyote.AbstractProtocol stop
INFO: Stopping ProtocolHandler ["http-apr-9999"]
Dec 07, 2020 5:31:18 PM org.apache.coyote.AbstractProtocol stop
INFO: Stopping ProtocolHandler ["ajp-apr-8009"]
Dec 07, 2020 5:31:18 PM org.apache.coyote.AbstractProtocol destroy
INFO: Destroying ProtocolHandler ["http-apr-9999"]
Dec 07, 2020 5:31:18 PM org.apache.coyote.AbstractProtocol destroy
INFO: Destroying ProtocolHandler ["ajp-apr-8009"]
Dec 07, 2020 5:31:21 PM org.apache.catalina.core.AprLifecycleListener init
INFO: Loaded APR based Apache Tomcat Native library 1.1.22.
Dec 07, 2020 5:31:21 PM org.apache.catalina.core.AprLifecycleListener init
INFO: APR capabilities: IPv6 [false], sendfile [true], accept filters [false], random [true].
Dec 07, 2020 5:31:21 PM org.apache.coyote.AbstractProtocol init
INFO: Initializing ProtocolHandler ["http-apr-9999"]
Dec 07, 2020 5:31:21 PM org.apache.coyote.AbstractProtocol init
INFO: Initializing ProtocolHandler ["ajp-apr-8009"]
Dec 07, 2020 5:31:21 PM org.apache.catalina.startup.Catalina load
INFO: Initialization processed in 697 ms
Dec 07, 2020 5:31:21 PM org.apache.catalina.core.StandardService startInternal
INFO: Starting service Catalina
Dec 07, 2020 5:31:21 PM org.apache.catalina.core.StandardEngine startInternal
INFO: Starting Servlet Engine: Apache Tomcat/7.0.21
Dec 07, 2020 5:31:21 PM org.apache.catalina.startup.HostConfig deployDescriptor
INFO: Deploying configuration descriptor ConfigDemoServlet.xml from C:\apache-tomcat-7.0.21\conf\Catalina\localhost
Dec 07, 2020 5:31:22 PM org.apache.catalina.startup.HostConfig deployDescriptor
INFO: Deploying configuration descriptor ContextDemoServlet.xml from C:\apache-tomcat-7.0.21\conf\Catalina\localhost
Dec 07, 2020 5:31:22 PM org.apache.catalina.startup.HostConfig deployDescriptor
INFO: Deploying configuration descriptor LifeCycleDemoServlet.xml from C:\apache-tomcat-7.0.21\conf\Catalina\localhost
Dec 07, 2020 5:31:22 PM org.apache.catalina.startup.HostConfig deployDescriptor
INFO: Deploying configuration descriptor P2_SimpleServlet.xml from C:\apache-tomcat-7.0.21\conf\Catalina\localhost
Dec 07, 2020 5:31:22 PM org.apache.catalina.startup.HostConfig deployDescriptor
INFO: Deploying configuration descriptor RequestDemoServlet.xml from C:\apache-tomcat-7.0.21\conf\Catalina\localhost
Dec 07, 2020 5:31:22 PM org.apache.catalina.startup.HostConfig deployDescriptor
INFO: Deploying configuration descriptor servlet#ConfigDemoServlet.xml from C:\apache-tomcat-7.0.21\conf\Catalina\localhost
Dec 07, 2020 5:31:22 PM org.apache.catalina.core.StandardContext setPath
WARNING: A context path must either be an empty string or start with a '/'. The path [servlet/ConfigDemoServlet] does not meet these criteria and has been changed to [/servlet/ConfigDemoServlet] 
Dec 07, 2020 5:31:22 PM org.apache.catalina.startup.HostConfig deployDescriptor
INFO: Deploying configuration descriptor ShareDemoServlet.xml from C:\apache-tomcat-7.0.21\conf\Catalina\localhost
Dec 07, 2020 5:31:22 PM org.apache.catalina.startup.HostConfig deployDirectory
INFO: Deploying web application directory docs
Dec 07, 2020 5:31:22 PM org.apache.catalina.startup.HostConfig deployDirectory
INFO: Deploying web application directory examples
Dec 07, 2020 5:31:22 PM org.apache.catalina.startup.HostConfig deployDirectory
INFO: Deploying web application directory host-manager
Dec 07, 2020 5:31:22 PM org.apache.catalina.startup.HostConfig deployDirectory
INFO: Deploying web application directory manager
Dec 07, 2020 5:31:22 PM org.apache.catalina.startup.HostConfig deployDirectory
INFO: Deploying web application directory myApp
Dec 07, 2020 5:31:22 PM org.apache.catalina.startup.HostConfig deployDirectory
INFO: Deploying web application directory ROOT
Dec 07, 2020 5:31:23 PM org.apache.coyote.AbstractProtocol start
INFO: Starting ProtocolHandler ["http-apr-9999"]
Dec 07, 2020 5:31:23 PM org.apache.coyote.AbstractProtocol start
INFO: Starting ProtocolHandler ["ajp-apr-8009"]
Dec 07, 2020 5:31:23 PM org.apache.catalina.startup.Catalina start
INFO: Server startup in 1226 ms
Dec 07, 2020 5:32:33 PM org.apache.catalina.startup.HostConfig checkResources
INFO: Reloading context [/P2_SimpleServlet]
Dec 07, 2020 5:33:13 PM org.apache.catalina.startup.HostConfig checkResources
INFO: Reloading context [/P2_SimpleServlet]
Dec 07, 2020 5:33:13 PM org.apache.catalina.util.LifecycleBase start
INFO: The start() method was called on component [StandardEngine[Catalina].StandardHost[localhost].StandardContext[/P2_SimpleServlet]] after start() had already been called. The second call will be ignored.
Dec 07, 2020 5:39:24 PM org.apache.catalina.startup.HostConfig checkResources
INFO: Reloading context [/P2_SimpleServlet]
Dec 07, 2020 6:23:18 PM org.apache.catalina.startup.HostConfig checkResources
INFO: Undeploying context [/LifeCycleDemoServlet]
Dec 07, 2020 6:24:13 PM org.apache.catalina.startup.HostConfig deployDescriptor
INFO: Deploying configuration descriptor P2_LifeCycleDemoServlet.xml from C:\apache-tomcat-7.0.21\conf\Catalina\localhost
Dec 07, 2020 6:24:13 PM org.apache.catalina.util.LifecycleBase start
INFO: The start() method was called on component [StandardEngine[Catalina].StandardHost[localhost].StandardContext[/P2_LifeCycleDemoServlet]] after start() had already been called. The second call will be ignored.
Dec 07, 2020 7:06:47 PM org.apache.coyote.AbstractProtocol pause
INFO: Pausing ProtocolHandler ["http-apr-9999"]
Dec 07, 2020 7:06:49 PM org.apache.coyote.AbstractProtocol pause
INFO: Pausing ProtocolHandler ["ajp-apr-8009"]
Dec 07, 2020 7:06:50 PM org.apache.catalina.core.StandardService stopInternal
INFO: Stopping service Catalina
Dec 07, 2020 7:06:50 PM org.apache.coyote.AbstractProtocol stop
INFO: Stopping ProtocolHandler ["http-apr-9999"]
Dec 07, 2020 7:06:50 PM org.apache.coyote.AbstractProtocol stop
INFO: Stopping ProtocolHandler ["ajp-apr-8009"]
Dec 07, 2020 7:06:50 PM org.apache.coyote.AbstractProtocol destroy
INFO: Destroying ProtocolHandler ["http-apr-9999"]
Dec 07, 2020 7:06:50 PM org.apache.coyote.AbstractProtocol destroy
INFO: Destroying ProtocolHandler ["ajp-apr-8009"]
