Dec 01, 2020 2:25:55 AM org.apache.catalina.core.ApplicationContext log
INFO: SessionListener: contextDestroyed()
Dec 01, 2020 2:25:55 AM org.apache.catalina.core.ApplicationContext log
INFO: ContextListener: contextDestroyed()
Dec 01, 2020 2:25:56 AM org.apache.catalina.core.ApplicationContext log
INFO: ContextListener: contextInitialized()
Dec 01, 2020 2:25:56 AM org.apache.catalina.core.ApplicationContext log
INFO: SessionListener: contextInitialized()
Dec 01, 2020 2:25:56 AM org.apache.catalina.core.ApplicationContext log
INFO: ContextListener: attributeAdded('org.apache.jasper.compiler.TldLocationsCache', 'org.apache.jasper.compiler.TldLocationsCache@1f2bee')
Dec 01, 2020 2:27:17 AM org.apache.catalina.core.ApplicationContext log
INFO: SessionListener: contextDestroyed()
Dec 01, 2020 2:27:17 AM org.apache.catalina.core.ApplicationContext log
INFO: ContextListener: contextDestroyed()
Dec 01, 2020 2:27:20 AM org.apache.catalina.core.ApplicationContext log
INFO: ContextListener: contextInitialized()
Dec 01, 2020 2:27:20 AM org.apache.catalina.core.ApplicationContext log
INFO: SessionListener: contextInitialized()
Dec 01, 2020 2:27:20 AM org.apache.catalina.core.ApplicationContext log
INFO: ContextListener: attributeAdded('org.apache.jasper.compiler.TldLocationsCache', 'org.apache.jasper.compiler.TldLocationsCache@1e1081f')
Dec 01, 2020 2:31:19 AM org.apache.catalina.core.ApplicationContext log
INFO: SessionListener: contextDestroyed()
Dec 01, 2020 2:31:19 AM org.apache.catalina.core.ApplicationContext log
INFO: ContextListener: contextDestroyed()
Dec 01, 2020 2:31:20 AM org.apache.catalina.core.ApplicationContext log
INFO: ContextListener: contextInitialized()
Dec 01, 2020 2:31:20 AM org.apache.catalina.core.ApplicationContext log
INFO: SessionListener: contextInitialized()
Dec 01, 2020 2:31:20 AM org.apache.catalina.core.ApplicationContext log
INFO: ContextListener: attributeAdded('org.apache.jasper.compiler.TldLocationsCache', 'org.apache.jasper.compiler.TldLocationsCache@d3ac67')
Dec 01, 2020 2:33:17 AM org.apache.catalina.core.ApplicationContext log
INFO: SessionListener: contextDestroyed()
Dec 01, 2020 2:33:17 AM org.apache.catalina.core.ApplicationContext log
INFO: ContextListener: contextDestroyed()
Dec 01, 2020 2:33:17 AM org.apache.catalina.core.ApplicationContext log
INFO: ContextListener: contextInitialized()
Dec 01, 2020 2:33:17 AM org.apache.catalina.core.ApplicationContext log
INFO: SessionListener: contextInitialized()
Dec 01, 2020 2:33:17 AM org.apache.catalina.core.ApplicationContext log
INFO: ContextListener: attributeAdded('org.apache.jasper.compiler.TldLocationsCache', 'org.apache.jasper.compiler.TldLocationsCache@1f2bee')
Dec 01, 2020 2:33:34 AM org.apache.catalina.core.ApplicationContext log
INFO: SessionListener: contextDestroyed()
Dec 01, 2020 2:33:34 AM org.apache.catalina.core.ApplicationContext log
INFO: ContextListener: contextDestroyed()
Dec 01, 2020 2:33:37 AM org.apache.catalina.core.ApplicationContext log
INFO: ContextListener: contextInitialized()
Dec 01, 2020 2:33:37 AM org.apache.catalina.core.ApplicationContext log
INFO: SessionListener: contextInitialized()
Dec 01, 2020 2:33:37 AM org.apache.catalina.core.ApplicationContext log
INFO: ContextListener: attributeAdded('org.apache.jasper.compiler.TldLocationsCache', 'org.apache.jasper.compiler.TldLocationsCache@17a6a7f')
Dec 01, 2020 2:49:58 AM org.apache.catalina.core.ApplicationContext log
INFO: SessionListener: contextDestroyed()
Dec 01, 2020 2:49:58 AM org.apache.catalina.core.ApplicationContext log
INFO: ContextListener: contextDestroyed()
Dec 01, 2020 2:50:01 AM org.apache.catalina.core.ApplicationContext log
INFO: ContextListener: contextInitialized()
Dec 01, 2020 2:50:01 AM org.apache.catalina.core.ApplicationContext log
INFO: SessionListener: contextInitialized()
Dec 01, 2020 2:50:01 AM org.apache.catalina.core.ApplicationContext log
INFO: ContextListener: attributeAdded('org.apache.jasper.compiler.TldLocationsCache', 'org.apache.jasper.compiler.TldLocationsCache@dc3671')
Dec 01, 2020 2:54:52 AM org.apache.catalina.core.ApplicationContext log
INFO: SessionListener: contextDestroyed()
Dec 01, 2020 2:54:52 AM org.apache.catalina.core.ApplicationContext log
INFO: ContextListener: contextDestroyed()
Dec 01, 2020 3:02:28 AM org.apache.catalina.core.ApplicationContext log
INFO: ContextListener: contextInitialized()
Dec 01, 2020 3:02:28 AM org.apache.catalina.core.ApplicationContext log
INFO: SessionListener: contextInitialized()
Dec 01, 2020 3:02:28 AM org.apache.catalina.core.ApplicationContext log
INFO: ContextListener: attributeAdded('org.apache.jasper.compiler.TldLocationsCache', 'org.apache.jasper.compiler.TldLocationsCache@49373a')
Dec 01, 2020 3:05:13 AM org.apache.catalina.core.ApplicationContext log
INFO: SessionListener: contextDestroyed()
Dec 01, 2020 3:05:13 AM org.apache.catalina.core.ApplicationContext log
INFO: ContextListener: contextDestroyed()
Dec 01, 2020 3:05:20 AM org.apache.catalina.core.ApplicationContext log
INFO: ContextListener: contextInitialized()
Dec 01, 2020 3:05:20 AM org.apache.catalina.core.ApplicationContext log
INFO: SessionListener: contextInitialized()
Dec 01, 2020 3:05:20 AM org.apache.catalina.core.ApplicationContext log
INFO: ContextListener: attributeAdded('org.apache.jasper.compiler.TldLocationsCache', 'org.apache.jasper.compiler.TldLocationsCache@191c994')
Dec 01, 2020 3:29:34 AM org.apache.catalina.core.ApplicationContext log
INFO: SessionListener: contextDestroyed()
Dec 01, 2020 3:29:34 AM org.apache.catalina.core.ApplicationContext log
INFO: ContextListener: contextDestroyed()
Dec 01, 2020 3:29:38 AM org.apache.catalina.core.ApplicationContext log
INFO: ContextListener: contextInitialized()
Dec 01, 2020 3:29:38 AM org.apache.catalina.core.ApplicationContext log
INFO: SessionListener: contextInitialized()
Dec 01, 2020 3:29:38 AM org.apache.catalina.core.ApplicationContext log
INFO: ContextListener: attributeAdded('org.apache.jasper.compiler.TldLocationsCache', 'org.apache.jasper.compiler.TldLocationsCache@191c994')
Dec 01, 2020 3:34:01 AM org.apache.catalina.core.ApplicationContext log
INFO: SessionListener: contextDestroyed()
Dec 01, 2020 3:34:01 AM org.apache.catalina.core.ApplicationContext log
INFO: ContextListener: contextDestroyed()
Dec 01, 2020 3:34:05 AM org.apache.catalina.core.ApplicationContext log
INFO: ContextListener: contextInitialized()
Dec 01, 2020 3:34:05 AM org.apache.catalina.core.ApplicationContext log
INFO: SessionListener: contextInitialized()
Dec 01, 2020 3:34:05 AM org.apache.catalina.core.ApplicationContext log
INFO: ContextListener: attributeAdded('org.apache.jasper.compiler.TldLocationsCache', 'org.apache.jasper.compiler.TldLocationsCache@49373a')
Dec 01, 2020 3:39:08 AM org.apache.catalina.core.ApplicationContext log
INFO: SessionListener: contextDestroyed()
Dec 01, 2020 3:39:08 AM org.apache.catalina.core.ApplicationContext log
INFO: ContextListener: contextDestroyed()
Dec 01, 2020 3:39:22 AM org.apache.catalina.core.ApplicationContext log
INFO: ContextListener: contextInitialized()
Dec 01, 2020 3:39:22 AM org.apache.catalina.core.ApplicationContext log
INFO: SessionListener: contextInitialized()
Dec 01, 2020 3:39:22 AM org.apache.catalina.core.ApplicationContext log
INFO: ContextListener: attributeAdded('org.apache.jasper.compiler.TldLocationsCache', 'org.apache.jasper.compiler.TldLocationsCache@dc3671')
Dec 01, 2020 4:29:03 AM org.apache.catalina.core.ApplicationContext log
INFO: ContextListener: contextInitialized()
Dec 01, 2020 4:29:03 AM org.apache.catalina.core.ApplicationContext log
INFO: SessionListener: contextInitialized()
Dec 01, 2020 4:29:03 AM org.apache.catalina.core.ApplicationContext log
INFO: ContextListener: attributeAdded('org.apache.jasper.compiler.TldLocationsCache', 'org.apache.jasper.compiler.TldLocationsCache@ac93db')
Dec 01, 2020 4:29:03 AM org.apache.catalina.core.ApplicationContext log
INFO: SessionListener: contextDestroyed()
Dec 01, 2020 4:29:03 AM org.apache.catalina.core.ApplicationContext log
INFO: ContextListener: contextDestroyed()
Dec 01, 2020 4:50:02 AM org.apache.catalina.core.ApplicationContext log
INFO: SessionListener: contextDestroyed()
Dec 01, 2020 4:50:02 AM org.apache.catalina.core.ApplicationContext log
INFO: ContextListener: contextDestroyed()
Dec 01, 2020 4:50:04 AM org.apache.catalina.core.ApplicationContext log
INFO: ContextListener: contextInitialized()
Dec 01, 2020 4:50:04 AM org.apache.catalina.core.ApplicationContext log
INFO: SessionListener: contextInitialized()
Dec 01, 2020 4:50:04 AM org.apache.catalina.core.ApplicationContext log
INFO: ContextListener: attributeAdded('org.apache.jasper.compiler.TldLocationsCache', 'org.apache.jasper.compiler.TldLocationsCache@17a6a7f')
Dec 01, 2020 4:53:04 AM org.apache.catalina.core.ApplicationContext log
INFO: SessionListener: contextDestroyed()
Dec 01, 2020 4:53:04 AM org.apache.catalina.core.ApplicationContext log
INFO: ContextListener: contextDestroyed()
Dec 01, 2020 4:53:11 AM org.apache.catalina.core.ApplicationContext log
INFO: ContextListener: contextInitialized()
Dec 01, 2020 4:53:11 AM org.apache.catalina.core.ApplicationContext log
INFO: SessionListener: contextInitialized()
Dec 01, 2020 4:53:11 AM org.apache.catalina.core.ApplicationContext log
INFO: ContextListener: attributeAdded('org.apache.jasper.compiler.TldLocationsCache', 'org.apache.jasper.compiler.TldLocationsCache@17a6a7f')
Dec 01, 2020 5:06:17 AM org.apache.catalina.core.ApplicationContext log
INFO: SessionListener: contextDestroyed()
Dec 01, 2020 5:06:17 AM org.apache.catalina.core.ApplicationContext log
INFO: ContextListener: contextDestroyed()
Dec 01, 2020 5:06:35 AM org.apache.catalina.core.ApplicationContext log
INFO: ContextListener: contextInitialized()
Dec 01, 2020 5:06:35 AM org.apache.catalina.core.ApplicationContext log
INFO: SessionListener: contextInitialized()
Dec 01, 2020 5:06:35 AM org.apache.catalina.core.ApplicationContext log
INFO: ContextListener: attributeAdded('org.apache.jasper.compiler.TldLocationsCache', 'org.apache.jasper.compiler.TldLocationsCache@17a6a7f')
Dec 01, 2020 5:37:19 AM org.apache.catalina.core.ApplicationContext log
INFO: ContextListener: contextInitialized()
Dec 01, 2020 5:37:19 AM org.apache.catalina.core.ApplicationContext log
INFO: SessionListener: contextInitialized()
Dec 01, 2020 5:37:19 AM org.apache.catalina.core.ApplicationContext log
INFO: ContextListener: attributeAdded('org.apache.jasper.compiler.TldLocationsCache', 'org.apache.jasper.compiler.TldLocationsCache@ac93db')
Dec 01, 2020 5:37:19 AM org.apache.catalina.core.ApplicationContext log
INFO: SessionListener: contextDestroyed()
Dec 01, 2020 5:37:19 AM org.apache.catalina.core.ApplicationContext log
INFO: ContextListener: contextDestroyed()
Dec 01, 2020 5:38:12 AM org.apache.catalina.core.ApplicationContext log
INFO: SessionListener: contextDestroyed()
Dec 01, 2020 5:38:12 AM org.apache.catalina.core.ApplicationContext log
INFO: ContextListener: contextDestroyed()
Dec 01, 2020 5:38:13 AM org.apache.catalina.core.ApplicationContext log
INFO: ContextListener: contextInitialized()
Dec 01, 2020 5:38:13 AM org.apache.catalina.core.ApplicationContext log
INFO: SessionListener: contextInitialized()
Dec 01, 2020 5:38:13 AM org.apache.catalina.core.ApplicationContext log
INFO: ContextListener: attributeAdded('org.apache.jasper.compiler.TldLocationsCache', 'org.apache.jasper.compiler.TldLocationsCache@17a6a7f')
Dec 01, 2020 5:41:31 AM org.apache.catalina.core.ApplicationContext log
INFO: ContextListener: contextInitialized()
Dec 01, 2020 5:41:31 AM org.apache.catalina.core.ApplicationContext log
INFO: SessionListener: contextInitialized()
Dec 01, 2020 5:41:31 AM org.apache.catalina.core.ApplicationContext log
INFO: ContextListener: attributeAdded('org.apache.jasper.compiler.TldLocationsCache', 'org.apache.jasper.compiler.TldLocationsCache@ac93db')
Dec 01, 2020 5:41:31 AM org.apache.catalina.core.ApplicationContext log
INFO: SessionListener: contextDestroyed()
Dec 01, 2020 5:41:31 AM org.apache.catalina.core.ApplicationContext log
INFO: ContextListener: contextDestroyed()
Dec 01, 2020 5:41:44 AM org.apache.catalina.core.ApplicationContext log
INFO: SessionListener: contextDestroyed()
Dec 01, 2020 5:41:44 AM org.apache.catalina.core.ApplicationContext log
INFO: ContextListener: contextDestroyed()
Dec 01, 2020 5:41:51 AM org.apache.catalina.core.ApplicationContext log
INFO: ContextListener: contextInitialized()
Dec 01, 2020 5:41:51 AM org.apache.catalina.core.ApplicationContext log
INFO: SessionListener: contextInitialized()
Dec 01, 2020 5:41:51 AM org.apache.catalina.core.ApplicationContext log
INFO: ContextListener: attributeAdded('org.apache.jasper.compiler.TldLocationsCache', 'org.apache.jasper.compiler.TldLocationsCache@1e1081f')
Dec 01, 2020 5:43:09 AM org.apache.catalina.core.ApplicationContext log
INFO: SessionListener: contextDestroyed()
Dec 01, 2020 5:43:09 AM org.apache.catalina.core.ApplicationContext log
INFO: ContextListener: contextDestroyed()
Dec 01, 2020 5:43:10 AM org.apache.catalina.core.ApplicationContext log
INFO: ContextListener: contextInitialized()
Dec 01, 2020 5:43:10 AM org.apache.catalina.core.ApplicationContext log
INFO: SessionListener: contextInitialized()
Dec 01, 2020 5:43:10 AM org.apache.catalina.core.ApplicationContext log
INFO: ContextListener: attributeAdded('org.apache.jasper.compiler.TldLocationsCache', 'org.apache.jasper.compiler.TldLocationsCache@ac93db')
Dec 01, 2020 5:43:47 AM org.apache.catalina.core.ApplicationContext log
INFO: SessionListener: contextDestroyed()
Dec 01, 2020 5:43:47 AM org.apache.catalina.core.ApplicationContext log
INFO: ContextListener: contextDestroyed()
Dec 01, 2020 5:43:50 AM org.apache.catalina.core.ApplicationContext log
INFO: ContextListener: contextInitialized()
Dec 01, 2020 5:43:50 AM org.apache.catalina.core.ApplicationContext log
INFO: SessionListener: contextInitialized()
Dec 01, 2020 5:43:50 AM org.apache.catalina.core.ApplicationContext log
INFO: ContextListener: attributeAdded('org.apache.jasper.compiler.TldLocationsCache', 'org.apache.jasper.compiler.TldLocationsCache@17a6a7f')
Dec 01, 2020 5:45:48 AM org.apache.catalina.core.ApplicationContext log
INFO: SessionListener: contextDestroyed()
Dec 01, 2020 5:45:48 AM org.apache.catalina.core.ApplicationContext log
INFO: ContextListener: contextDestroyed()
Dec 01, 2020 5:45:51 AM org.apache.catalina.core.ApplicationContext log
INFO: ContextListener: contextInitialized()
Dec 01, 2020 5:45:51 AM org.apache.catalina.core.ApplicationContext log
INFO: SessionListener: contextInitialized()
Dec 01, 2020 5:45:51 AM org.apache.catalina.core.ApplicationContext log
INFO: ContextListener: attributeAdded('org.apache.jasper.compiler.TldLocationsCache', 'org.apache.jasper.compiler.TldLocationsCache@1e1081f')
