Nov 25, 2020 2:16:00 AM org.apache.catalina.core.ApplicationContext log
INFO: Manager: init: Associated with Deployer 'Catalina:type=Deployer,host=localhost'
Nov 25, 2020 2:16:00 AM org.apache.catalina.core.ApplicationContext log
INFO: Manager: init: Global resources are available
Nov 25, 2020 2:16:00 AM org.apache.catalina.core.ApplicationContext log
INFO: Manager: list: Listing contexts for virtual host 'localhost'
Nov 25, 2020 2:16:00 AM org.apache.catalina.core.ApplicationContext log
INFO: Manager: undeploy: Undeploying web application at '/LifeCycleServlet'
Nov 25, 2020 2:19:09 AM org.apache.catalina.core.ApplicationContext log
INFO: Manager: init: Associated with Deployer 'Catalina:type=Deployer,host=localhost'
Nov 25, 2020 2:19:09 AM org.apache.catalina.core.ApplicationContext log
INFO: Manager: init: Global resources are available
Nov 25, 2020 2:19:09 AM org.apache.catalina.core.ApplicationContext log
INFO: Manager: list: Listing contexts for virtual host 'localhost'
Nov 25, 2020 2:19:09 AM org.apache.catalina.core.ApplicationContext log
INFO: Manager: undeploy: Undeploying web application at '/LifeCycleServlet'
Nov 25, 2020 2:28:48 AM org.apache.catalina.core.ApplicationContext log
INFO: Manager: list: Listing contexts for virtual host 'localhost'
Nov 25, 2020 2:28:48 AM org.apache.catalina.core.ApplicationContext log
INFO: Manager: list: Listing contexts for virtual host 'localhost'
Nov 25, 2020 2:28:48 AM org.apache.catalina.core.ApplicationContext log
INFO: Manager: install: Installing context configuration at 'file:/C:/DOCUME~1/Lev/LOCALS~1/Temp/context6060361265136490310.xml'
Nov 25, 2020 2:28:48 AM org.apache.catalina.core.ApplicationContext log
INFO: Manager: start: Starting web application '/LifeCycleServlet'
Nov 25, 2020 2:31:06 AM org.apache.catalina.core.ApplicationContext log
INFO: Manager: list: Listing contexts for virtual host 'localhost'
Nov 25, 2020 2:31:06 AM org.apache.catalina.core.ApplicationContext log
INFO: Manager: list: Listing contexts for virtual host 'localhost'
Nov 25, 2020 2:31:06 AM org.apache.catalina.core.ApplicationContext log
INFO: Manager: restart: Reloading web application '/LifeCycleServlet'
Nov 25, 2020 2:31:46 AM org.apache.catalina.core.ApplicationContext log
INFO: Manager: list: Listing contexts for virtual host 'localhost'
Nov 25, 2020 2:31:48 AM org.apache.catalina.core.ApplicationContext log
INFO: Manager: list: Listing contexts for virtual host 'localhost'
Nov 25, 2020 2:31:48 AM org.apache.catalina.core.ApplicationContext log
INFO: Manager: list: Listing contexts for virtual host 'localhost'
Nov 25, 2020 2:33:37 AM org.apache.catalina.core.ApplicationContext log
INFO: Manager: list: Listing contexts for virtual host 'localhost'
Nov 25, 2020 2:33:37 AM org.apache.catalina.core.ApplicationContext log
INFO: Manager: stop: Stopping web application '/LifeCycleServlet'
Nov 25, 2020 2:33:37 AM org.apache.catalina.core.ApplicationContext log
INFO: Manager: start: Starting web application '/LifeCycleServlet'
Nov 25, 2020 2:35:32 AM org.apache.catalina.core.ApplicationContext log
INFO: Manager: list: Listing contexts for virtual host 'localhost'
Nov 25, 2020 2:35:32 AM org.apache.catalina.core.ApplicationContext log
INFO: Manager: stop: Stopping web application '/LifeCycleServlet'
Nov 25, 2020 2:35:32 AM org.apache.catalina.core.ApplicationContext log
INFO: Manager: start: Starting web application '/LifeCycleServlet'
Nov 25, 2020 2:35:32 AM org.apache.catalina.core.ApplicationContext log
SEVERE: FAIL - Application at context path /LifeCycleServlet could not be started
org.apache.catalina.LifecycleException: Failed to start component [StandardEngine[Catalina].StandardHost[localhost].StandardContext[/LifeCycleServlet]]
	at org.apache.catalina.util.LifecycleBase.start(LifecycleBase.java:152)
	at org.apache.catalina.manager.ManagerServlet.start(ManagerServlet.java:1247)
	at org.apache.catalina.manager.ManagerServlet.doGet(ManagerServlet.java:372)
	at javax.servlet.http.HttpServlet.service(HttpServlet.java:621)
	at javax.servlet.http.HttpServlet.service(HttpServlet.java:722)
	at org.apache.catalina.core.ApplicationFilterChain.internalDoFilter(ApplicationFilterChain.java:304)
	at org.apache.catalina.core.ApplicationFilterChain.doFilter(ApplicationFilterChain.java:210)
	at org.apache.catalina.filters.SetCharacterEncodingFilter.doFilter(SetCharacterEncodingFilter.java:108)
	at org.apache.catalina.core.ApplicationFilterChain.internalDoFilter(ApplicationFilterChain.java:243)
	at org.apache.catalina.core.ApplicationFilterChain.doFilter(ApplicationFilterChain.java:210)
	at org.apache.catalina.core.StandardWrapperValve.invoke(StandardWrapperValve.java:224)
	at org.apache.catalina.core.StandardContextValve.invoke(StandardContextValve.java:185)
	at org.apache.catalina.authenticator.AuthenticatorBase.invoke(AuthenticatorBase.java:581)
	at org.apache.catalina.core.StandardHostValve.invoke(StandardHostValve.java:151)
	at org.apache.catalina.valves.ErrorReportValve.invoke(ErrorReportValve.java:100)
	at org.apache.catalina.valves.AccessLogValve.invoke(AccessLogValve.java:929)
	at org.apache.catalina.core.StandardEngineValve.invoke(StandardEngineValve.java:118)
	at org.apache.catalina.connector.CoyoteAdapter.service(CoyoteAdapter.java:405)
	at org.apache.coyote.http11.Http11AprProcessor.process(Http11AprProcessor.java:269)
	at org.apache.coyote.AbstractProtocol$AbstractConnectionHandler.process(AbstractProtocol.java:515)
	at org.apache.tomcat.util.net.AprEndpoint$SocketProcessor.run(AprEndpoint.java:1773)
	at java.util.concurrent.ThreadPoolExecutor.runWorker(ThreadPoolExecutor.java:1145)
	at java.util.concurrent.ThreadPoolExecutor$Worker.run(ThreadPoolExecutor.java:615)
	at java.lang.Thread.run(Thread.java:745)
Caused by: java.lang.IllegalArgumentException: Servlet mapping specifies an unknown servlet name Testing
	at org.apache.catalina.core.StandardContext.addServletMapping(StandardContext.java:3151)
	at org.apache.catalina.core.StandardContext.addServletMapping(StandardContext.java:3130)
	at org.apache.catalina.deploy.WebXml.configureContext(WebXml.java:1301)
	at org.apache.catalina.startup.ContextConfig.webConfig(ContextConfig.java:1327)
	at org.apache.catalina.startup.ContextConfig.configureStart(ContextConfig.java:896)
	at org.apache.catalina.startup.ContextConfig.lifecycleEvent(ContextConfig.java:322)
	at org.apache.catalina.util.LifecycleSupport.fireLifecycleEvent(LifecycleSupport.java:119)
	at org.apache.catalina.util.LifecycleBase.fireLifecycleEvent(LifecycleBase.java:90)
	at org.apache.catalina.core.StandardContext.startInternal(StandardContext.java:5103)
	at org.apache.catalina.util.LifecycleBase.start(LifecycleBase.java:148)
	... 23 more

Nov 25, 2020 2:36:13 AM org.apache.catalina.core.ApplicationContext log
INFO: Manager: list: Listing contexts for virtual host 'localhost'
Nov 25, 2020 2:36:13 AM org.apache.catalina.core.ApplicationContext log
INFO: Manager: list: Listing contexts for virtual host 'localhost'
Nov 25, 2020 2:36:13 AM org.apache.catalina.core.ApplicationContext log
INFO: Manager: undeploy: Undeploying web application at '/LifeCycleServlet'
Nov 25, 2020 2:36:14 AM org.apache.catalina.core.ApplicationContext log
INFO: Manager: install: Installing context configuration at 'file:/C:/DOCUME~1/Lev/LOCALS~1/Temp/context291842837410565979.xml'
Nov 25, 2020 2:36:21 AM org.apache.catalina.core.ApplicationContext log
INFO: Manager: list: Listing contexts for virtual host 'localhost'
Nov 25, 2020 2:36:21 AM org.apache.catalina.core.ApplicationContext log
INFO: Manager: list: Listing contexts for virtual host 'localhost'
Nov 25, 2020 2:36:21 AM org.apache.catalina.core.ApplicationContext log
INFO: Manager: install: Installing context configuration at 'file:/C:/DOCUME~1/Lev/LOCALS~1/Temp/context2104395815329533736.xml'
Nov 25, 2020 2:36:44 AM org.apache.catalina.core.ApplicationContext log
INFO: Manager: list: Listing contexts for virtual host 'localhost'
Nov 25, 2020 2:36:48 AM org.apache.catalina.core.ApplicationContext log
INFO: Manager: list: Listing contexts for virtual host 'localhost'
Nov 25, 2020 2:36:48 AM org.apache.catalina.core.ApplicationContext log
INFO: Manager: list: Listing contexts for virtual host 'localhost'
Nov 25, 2020 2:36:48 AM org.apache.catalina.core.ApplicationContext log
INFO: Manager: install: Installing context configuration at 'file:/C:/DOCUME~1/Lev/LOCALS~1/Temp/context551360391994889383.xml'
Nov 25, 2020 2:37:20 AM org.apache.catalina.core.ApplicationContext log
INFO: Manager: list: Listing contexts for virtual host 'localhost'
Nov 25, 2020 2:37:20 AM org.apache.catalina.core.ApplicationContext log
INFO: Manager: list: Listing contexts for virtual host 'localhost'
Nov 25, 2020 2:37:20 AM org.apache.catalina.core.ApplicationContext log
INFO: Manager: install: Installing context configuration at 'file:/C:/DOCUME~1/Lev/LOCALS~1/Temp/context1459654408911507173.xml'
Nov 25, 2020 2:37:20 AM org.apache.catalina.core.ApplicationContext log
INFO: Manager: start: Starting web application '/LifeCycleServlet'
Nov 25, 2020 2:37:22 AM org.apache.catalina.core.ApplicationContext log
INFO: Manager: list: Listing contexts for virtual host 'localhost'
Nov 25, 2020 2:37:22 AM org.apache.catalina.core.ApplicationContext log
INFO: Manager: list: Listing contexts for virtual host 'localhost'
Nov 25, 2020 2:37:22 AM org.apache.catalina.core.ApplicationContext log
INFO: Manager: undeploy: Undeploying web application at '/LifeCycleServlet'
Nov 25, 2020 2:37:23 AM org.apache.catalina.core.ApplicationContext log
INFO: Manager: install: Installing context configuration at 'file:/C:/DOCUME~1/Lev/LOCALS~1/Temp/context8601394100565676840.xml'
Nov 25, 2020 2:37:23 AM org.apache.catalina.core.ApplicationContext log
INFO: Manager: start: Starting web application '/LifeCycleDemoServlet'
Nov 25, 2020 2:41:21 AM org.apache.catalina.core.ApplicationContext log
INFO: Manager: list: Listing contexts for virtual host 'localhost'
Nov 25, 2020 2:41:22 AM org.apache.catalina.core.ApplicationContext log
INFO: Manager: list: Listing contexts for virtual host 'localhost'
Nov 25, 2020 2:41:22 AM org.apache.catalina.core.ApplicationContext log
INFO: Manager: list: Listing contexts for virtual host 'localhost'
Nov 25, 2020 2:43:02 AM org.apache.catalina.core.ApplicationContext log
INFO: Manager: list: Listing contexts for virtual host 'localhost'
Nov 25, 2020 2:43:40 AM org.apache.catalina.core.ApplicationContext log
INFO: Manager: list: Listing contexts for virtual host 'localhost'
Nov 25, 2020 2:43:40 AM org.apache.catalina.core.ApplicationContext log
INFO: Manager: restart: Reloading web application '/LifeCycleDemoServlet'
Nov 25, 2020 2:44:43 AM org.apache.catalina.core.ApplicationContext log
INFO: Manager: list: Listing contexts for virtual host 'localhost'
Nov 25, 2020 2:44:43 AM org.apache.catalina.core.ApplicationContext log
INFO: Manager: undeploy: Undeploying web application at '/LifeCycleDemoServlet'
Nov 25, 2020 2:50:05 AM org.apache.catalina.core.ApplicationContext log
INFO: Manager: list: Listing contexts for virtual host 'localhost'
Nov 25, 2020 2:50:05 AM org.apache.catalina.core.ApplicationContext log
INFO: Manager: list: Listing contexts for virtual host 'localhost'
Nov 25, 2020 2:50:05 AM org.apache.catalina.core.ApplicationContext log
INFO: Manager: install: Installing context configuration at 'file:/C:/DOCUME~1/Lev/LOCALS~1/Temp/context8887874227336796394.xml'
Nov 25, 2020 2:50:06 AM org.apache.catalina.core.ApplicationContext log
INFO: Manager: start: Starting web application '/LifeCycleDemoServlet'
Nov 25, 2020 2:50:30 AM org.apache.catalina.core.ApplicationContext log
INFO: Manager: list: Listing contexts for virtual host 'localhost'
Nov 25, 2020 2:50:30 AM org.apache.catalina.core.ApplicationContext log
INFO: Manager: stop: Stopping web application '/LifeCycleDemoServlet'
Nov 25, 2020 2:50:31 AM org.apache.catalina.core.ApplicationContext log
INFO: Manager: start: Starting web application '/LifeCycleDemoServlet'
Nov 25, 2020 2:50:32 AM org.apache.catalina.core.ApplicationContext log
INFO: Manager: list: Listing contexts for virtual host 'localhost'
Nov 25, 2020 2:50:32 AM org.apache.catalina.core.ApplicationContext log
INFO: Manager: restart: Reloading web application '/LifeCycleDemoServlet'
Nov 25, 2020 2:50:33 AM org.apache.catalina.core.ApplicationContext log
SEVERE: Manager: ManagerServlet.reload[/LifeCycleDemoServlet]
java.lang.IllegalStateException: Context with name [/LifeCycleDemoServlet] has not yet been started
	at org.apache.catalina.core.StandardContext.reload(StandardContext.java:3836)
	at org.apache.catalina.manager.ManagerServlet.reload(ManagerServlet.java:949)
	at org.apache.catalina.manager.ManagerServlet.doGet(ManagerServlet.java:360)
	at javax.servlet.http.HttpServlet.service(HttpServlet.java:621)
	at javax.servlet.http.HttpServlet.service(HttpServlet.java:722)
	at org.apache.catalina.core.ApplicationFilterChain.internalDoFilter(ApplicationFilterChain.java:304)
	at org.apache.catalina.core.ApplicationFilterChain.doFilter(ApplicationFilterChain.java:210)
	at org.apache.catalina.filters.SetCharacterEncodingFilter.doFilter(SetCharacterEncodingFilter.java:108)
	at org.apache.catalina.core.ApplicationFilterChain.internalDoFilter(ApplicationFilterChain.java:243)
	at org.apache.catalina.core.ApplicationFilterChain.doFilter(ApplicationFilterChain.java:210)
	at org.apache.catalina.core.StandardWrapperValve.invoke(StandardWrapperValve.java:224)
	at org.apache.catalina.core.StandardContextValve.invoke(StandardContextValve.java:185)
	at org.apache.catalina.authenticator.AuthenticatorBase.invoke(AuthenticatorBase.java:581)
	at org.apache.catalina.core.StandardHostValve.invoke(StandardHostValve.java:151)
	at org.apache.catalina.valves.ErrorReportValve.invoke(ErrorReportValve.java:100)
	at org.apache.catalina.valves.AccessLogValve.invoke(AccessLogValve.java:929)
	at org.apache.catalina.core.StandardEngineValve.invoke(StandardEngineValve.java:118)
	at org.apache.catalina.connector.CoyoteAdapter.service(CoyoteAdapter.java:405)
	at org.apache.coyote.http11.Http11AprProcessor.process(Http11AprProcessor.java:269)
	at org.apache.coyote.AbstractProtocol$AbstractConnectionHandler.process(AbstractProtocol.java:515)
	at org.apache.tomcat.util.net.AprEndpoint$SocketProcessor.run(AprEndpoint.java:1773)
	at java.util.concurrent.ThreadPoolExecutor.runWorker(ThreadPoolExecutor.java:1145)
	at java.util.concurrent.ThreadPoolExecutor$Worker.run(ThreadPoolExecutor.java:615)
	at java.lang.Thread.run(Thread.java:745)

Nov 25, 2020 2:50:39 AM org.apache.catalina.core.ApplicationContext log
INFO: Manager: list: Listing contexts for virtual host 'localhost'
Nov 25, 2020 2:50:39 AM org.apache.catalina.core.ApplicationContext log
INFO: Manager: list: Listing contexts for virtual host 'localhost'
Nov 25, 2020 2:50:39 AM org.apache.catalina.core.ApplicationContext log
INFO: Manager: undeploy: Undeploying web application at '/LifeCycleDemoServlet'
Nov 25, 2020 2:50:40 AM org.apache.catalina.core.ApplicationContext log
INFO: Manager: install: Installing context configuration at 'file:/C:/DOCUME~1/Lev/LOCALS~1/Temp/context7000538891030231237.xml'
Nov 25, 2020 2:50:40 AM org.apache.catalina.core.ApplicationContext log
INFO: Manager: start: Starting web application '/LifeCycleDemoServlet'
Nov 25, 2020 2:50:55 AM org.apache.catalina.core.ApplicationContext log
INFO: Manager: list: Listing contexts for virtual host 'localhost'
Nov 25, 2020 2:50:55 AM org.apache.catalina.core.ApplicationContext log
INFO: Manager: list: Listing contexts for virtual host 'localhost'
Nov 25, 2020 2:50:55 AM org.apache.catalina.core.ApplicationContext log
INFO: Manager: undeploy: Undeploying web application at '/LifeCycleDemoServlet'
Nov 25, 2020 2:50:56 AM org.apache.catalina.core.ApplicationContext log
INFO: Manager: install: Installing context configuration at 'file:/C:/DOCUME~1/Lev/LOCALS~1/Temp/context4012332976277207830.xml'
Nov 25, 2020 2:50:56 AM org.apache.catalina.core.ApplicationContext log
INFO: Manager: start: Starting web application '/LifeCycleDemoServlet'
Nov 25, 2020 2:53:58 AM org.apache.catalina.core.ApplicationContext log
INFO: Manager: list: Listing contexts for virtual host 'localhost'
Nov 25, 2020 2:53:58 AM org.apache.catalina.core.ApplicationContext log
INFO: Manager: list: Listing contexts for virtual host 'localhost'
Nov 25, 2020 2:53:58 AM org.apache.catalina.core.ApplicationContext log
INFO: Manager: undeploy: Undeploying web application at '/LifeCycleDemoServlet'
Nov 25, 2020 2:53:59 AM org.apache.catalina.core.ApplicationContext log
INFO: Manager: install: Installing context configuration at 'file:/C:/DOCUME~1/Lev/LOCALS~1/Temp/context844485563509671694.xml'
Nov 25, 2020 2:53:59 AM org.apache.catalina.core.ApplicationContext log
INFO: Manager: start: Starting web application '/LifeCycleDemoServlet'
Nov 25, 2020 2:55:07 AM org.apache.catalina.core.ApplicationContext log
INFO: Manager: list: Listing contexts for virtual host 'localhost'
Nov 25, 2020 2:55:07 AM org.apache.catalina.core.ApplicationContext log
INFO: Manager: list: Listing contexts for virtual host 'localhost'
Nov 25, 2020 2:55:07 AM org.apache.catalina.core.ApplicationContext log
INFO: Manager: undeploy: Undeploying web application at '/LifeCycleDemoServlet'
Nov 25, 2020 2:55:08 AM org.apache.catalina.core.ApplicationContext log
INFO: Manager: install: Installing context configuration at 'file:/C:/DOCUME~1/Lev/LOCALS~1/Temp/context2216056355671445395.xml'
Nov 25, 2020 2:55:08 AM org.apache.catalina.core.ApplicationContext log
INFO: Manager: start: Starting web application '/LifeCycleDemoServlet'
Nov 25, 2020 2:55:56 AM org.apache.catalina.core.ApplicationContext log
INFO: Manager: list: Listing contexts for virtual host 'localhost'
Nov 25, 2020 2:55:56 AM org.apache.catalina.core.ApplicationContext log
INFO: Manager: list: Listing contexts for virtual host 'localhost'
Nov 25, 2020 2:55:56 AM org.apache.catalina.core.ApplicationContext log
INFO: Manager: undeploy: Undeploying web application at '/LifeCycleDemoServlet'
Nov 25, 2020 2:55:57 AM org.apache.catalina.core.ApplicationContext log
INFO: Manager: install: Installing context configuration at 'file:/C:/DOCUME~1/Lev/LOCALS~1/Temp/context2036568617363423557.xml'
Nov 25, 2020 2:55:57 AM org.apache.catalina.core.ApplicationContext log
INFO: Manager: start: Starting web application '/LifeCycleDemoServlet'
Nov 25, 2020 2:56:08 AM org.apache.catalina.core.ApplicationContext log
INFO: Manager: list: Listing contexts for virtual host 'localhost'
Nov 25, 2020 2:56:08 AM org.apache.catalina.core.ApplicationContext log
INFO: Manager: undeploy: Undeploying web application at '/LifeCycleDemoServlet'
Nov 25, 2020 2:56:16 AM org.apache.catalina.core.ApplicationContext log
INFO: Manager: list: Listing contexts for virtual host 'localhost'
Nov 25, 2020 2:56:16 AM org.apache.catalina.core.ApplicationContext log
INFO: Manager: list: Listing contexts for virtual host 'localhost'
Nov 25, 2020 2:56:16 AM org.apache.catalina.core.ApplicationContext log
INFO: Manager: install: Installing context configuration at 'file:/C:/DOCUME~1/Lev/LOCALS~1/Temp/context5715292448629834489.xml'
Nov 25, 2020 2:56:16 AM org.apache.catalina.core.ApplicationContext log
INFO: Manager: start: Starting web application '/LifeCycleDemoServlet'
Nov 25, 2020 2:56:32 AM org.apache.catalina.core.ApplicationContext log
INFO: Manager: list: Listing contexts for virtual host 'localhost'
Nov 25, 2020 2:56:32 AM org.apache.catalina.core.ApplicationContext log
INFO: Manager: list: Listing contexts for virtual host 'localhost'
Nov 25, 2020 2:56:32 AM org.apache.catalina.core.ApplicationContext log
INFO: Manager: undeploy: Undeploying web application at '/LifeCycleDemoServlet'
Nov 25, 2020 2:56:33 AM org.apache.catalina.core.ApplicationContext log
INFO: Manager: install: Installing context configuration at 'file:/C:/DOCUME~1/Lev/LOCALS~1/Temp/context2083344108697961842.xml'
Nov 25, 2020 2:56:33 AM org.apache.catalina.core.ApplicationContext log
INFO: Manager: start: Starting web application '/LifeCycleDemoServlet'
Nov 25, 2020 2:57:46 AM org.apache.catalina.core.ApplicationContext log
INFO: Manager: list: Listing contexts for virtual host 'localhost'
Nov 25, 2020 2:57:46 AM org.apache.catalina.core.ApplicationContext log
INFO: Manager: list: Listing contexts for virtual host 'localhost'
Nov 25, 2020 2:57:46 AM org.apache.catalina.core.ApplicationContext log
INFO: Manager: undeploy: Undeploying web application at '/LifeCycleDemoServlet'
Nov 25, 2020 2:57:47 AM org.apache.catalina.core.ApplicationContext log
INFO: Manager: install: Installing context configuration at 'file:/C:/DOCUME~1/Lev/LOCALS~1/Temp/context2917177092257591569.xml'
Nov 25, 2020 2:57:47 AM org.apache.catalina.core.ApplicationContext log
INFO: Manager: start: Starting web application '/LifeCycleDemoServlet'
Nov 25, 2020 3:01:31 AM org.apache.catalina.core.ApplicationContext log
INFO: Manager: list: Listing contexts for virtual host 'localhost'
Nov 25, 2020 3:01:31 AM org.apache.catalina.core.ApplicationContext log
INFO: Manager: undeploy: Undeploying web application at '/LifeCycleDemoServlet'
Nov 25, 2020 3:04:03 AM org.apache.catalina.core.ApplicationContext log
INFO: Manager: list: Listing contexts for virtual host 'localhost'
Nov 25, 2020 3:05:08 AM org.apache.catalina.core.ApplicationContext log
INFO: Manager: list: Listing contexts for virtual host 'localhost'
Nov 25, 2020 3:05:08 AM org.apache.catalina.core.ApplicationContext log
INFO: Manager: list: Listing contexts for virtual host 'localhost'
Nov 25, 2020 3:05:08 AM org.apache.catalina.core.ApplicationContext log
INFO: Manager: install: Installing context configuration at 'file:/C:/DOCUME~1/Lev/LOCALS~1/Temp/context3870726025118350972.xml'
Nov 25, 2020 3:05:08 AM org.apache.catalina.core.ApplicationContext log
INFO: Manager: start: Starting web application '/LifeCycleDemoServlet'
Nov 25, 2020 3:07:01 AM org.apache.catalina.core.ApplicationContext log
INFO: Manager: list: Listing contexts for virtual host 'localhost'
Nov 25, 2020 3:07:01 AM org.apache.catalina.core.ApplicationContext log
INFO: Manager: restart: Reloading web application '/LifeCycleDemoServlet'
Nov 25, 2020 3:07:53 AM org.apache.catalina.core.ApplicationContext log
INFO: Manager: list: Listing contexts for virtual host 'localhost'
Nov 25, 2020 3:07:53 AM org.apache.catalina.core.ApplicationContext log
INFO: Manager: list: Listing contexts for virtual host 'localhost'
Nov 25, 2020 3:07:53 AM org.apache.catalina.core.ApplicationContext log
INFO: Manager: undeploy: Undeploying web application at '/LifeCycleDemoServlet'
Nov 25, 2020 3:07:54 AM org.apache.catalina.core.ApplicationContext log
INFO: Manager: install: Installing context configuration at 'file:/C:/DOCUME~1/Lev/LOCALS~1/Temp/context8830570140439090856.xml'
Nov 25, 2020 3:07:54 AM org.apache.catalina.core.ApplicationContext log
INFO: Manager: start: Starting web application '/LifeCycleDemoServlet'
Nov 25, 2020 3:08:36 AM org.apache.catalina.core.ApplicationContext log
INFO: Manager: list: Listing contexts for virtual host 'localhost'
Nov 25, 2020 3:08:36 AM org.apache.catalina.core.ApplicationContext log
INFO: Manager: list: Listing contexts for virtual host 'localhost'
Nov 25, 2020 3:08:36 AM org.apache.catalina.core.ApplicationContext log
INFO: Manager: undeploy: Undeploying web application at '/LifeCycleDemoServlet'
Nov 25, 2020 3:08:37 AM org.apache.catalina.core.ApplicationContext log
INFO: Manager: install: Installing context configuration at 'file:/C:/DOCUME~1/Lev/LOCALS~1/Temp/context1573714554737033644.xml'
Nov 25, 2020 3:08:37 AM org.apache.catalina.core.ApplicationContext log
INFO: Manager: start: Starting web application '/LifeCycleDemoServlet'
Nov 25, 2020 3:37:29 AM org.apache.catalina.core.ApplicationContext log
INFO: Manager: init: Associated with Deployer 'Catalina:type=Deployer,host=localhost'
Nov 25, 2020 3:37:29 AM org.apache.catalina.core.ApplicationContext log
INFO: Manager: init: Global resources are available
Nov 25, 2020 3:37:29 AM org.apache.catalina.core.ApplicationContext log
INFO: Manager: list: Listing contexts for virtual host 'localhost'
Nov 25, 2020 3:37:29 AM org.apache.catalina.core.ApplicationContext log
INFO: Manager: list: Listing contexts for virtual host 'localhost'
Nov 25, 2020 3:37:29 AM org.apache.catalina.core.ApplicationContext log
INFO: Manager: install: Installing context configuration at 'file:/C:/DOCUME~1/Lev/LOCALS~1/Temp/context1826664360971577737.xml'
Nov 25, 2020 3:37:29 AM org.apache.catalina.core.ApplicationContext log
INFO: Manager: start: Starting web application '/ConfigDemoServlet'
Nov 25, 2020 3:37:46 AM org.apache.catalina.core.ApplicationContext log
INFO: Manager: list: Listing contexts for virtual host 'localhost'
Nov 25, 2020 3:37:46 AM org.apache.catalina.core.ApplicationContext log
INFO: Manager: undeploy: Undeploying web application at '/ConfigDemoServlet'
Nov 25, 2020 3:37:53 AM org.apache.catalina.core.ApplicationContext log
INFO: Manager: list: Listing contexts for virtual host 'localhost'
Nov 25, 2020 3:37:53 AM org.apache.catalina.core.ApplicationContext log
INFO: Manager: list: Listing contexts for virtual host 'localhost'
Nov 25, 2020 3:37:53 AM org.apache.catalina.core.ApplicationContext log
INFO: Manager: install: Installing context configuration at 'file:/C:/DOCUME~1/Lev/LOCALS~1/Temp/context1843109575416056180.xml'
Nov 25, 2020 3:37:53 AM org.apache.catalina.core.ApplicationContext log
INFO: Manager: start: Starting web application '/ConfigDemoServlet'
Nov 25, 2020 3:39:21 AM org.apache.catalina.core.ApplicationContext log
INFO: Manager: list: Listing contexts for virtual host 'localhost'
Nov 25, 2020 3:39:21 AM org.apache.catalina.core.ApplicationContext log
INFO: Manager: list: Listing contexts for virtual host 'localhost'
Nov 25, 2020 3:40:42 AM org.apache.catalina.core.ApplicationContext log
INFO: Manager: list: Listing contexts for virtual host 'localhost'
Nov 25, 2020 3:40:42 AM org.apache.catalina.core.ApplicationContext log
INFO: Manager: undeploy: Undeploying web application at '/ConfigDemoServlet'
Nov 25, 2020 3:40:50 AM org.apache.catalina.core.ApplicationContext log
INFO: Manager: list: Listing contexts for virtual host 'localhost'
Nov 25, 2020 3:40:50 AM org.apache.catalina.core.ApplicationContext log
INFO: Manager: list: Listing contexts for virtual host 'localhost'
Nov 25, 2020 3:40:50 AM org.apache.catalina.core.ApplicationContext log
INFO: Manager: install: Installing context configuration at 'file:/C:/DOCUME~1/Lev/LOCALS~1/Temp/context5150307270414889116.xml'
Nov 25, 2020 3:40:50 AM org.apache.catalina.core.ApplicationContext log
INFO: Manager: start: Starting web application '/ConfigDemoServlet'
Nov 25, 2020 3:41:10 AM org.apache.catalina.core.ApplicationContext log
INFO: Manager: list: Listing contexts for virtual host 'localhost'
Nov 25, 2020 3:41:13 AM org.apache.catalina.core.ApplicationContext log
INFO: Manager: list: Listing contexts for virtual host 'localhost'
Nov 25, 2020 3:41:13 AM org.apache.catalina.core.ApplicationContext log
INFO: Manager: list: Listing contexts for virtual host 'localhost'
Nov 25, 2020 3:43:36 AM org.apache.catalina.core.ApplicationContext log
INFO: Manager: list: Listing contexts for virtual host 'localhost'
Nov 25, 2020 3:43:36 AM org.apache.catalina.core.ApplicationContext log
INFO: Manager: stop: Stopping web application '/ConfigDemoServlet'
Nov 25, 2020 3:43:36 AM org.apache.catalina.core.ApplicationContext log
INFO: Manager: start: Starting web application '/ConfigDemoServlet'
Nov 25, 2020 3:44:12 AM org.apache.catalina.core.ApplicationContext log
INFO: Manager: list: Listing contexts for virtual host 'localhost'
Nov 25, 2020 3:44:12 AM org.apache.catalina.core.ApplicationContext log
INFO: Manager: restart: Reloading web application '/ConfigDemoServlet'
Nov 25, 2020 3:44:14 AM org.apache.catalina.core.ApplicationContext log
INFO: Manager: list: Listing contexts for virtual host 'localhost'
Nov 25, 2020 3:44:14 AM org.apache.catalina.core.ApplicationContext log
INFO: Manager: list: Listing contexts for virtual host 'localhost'
Nov 25, 2020 3:44:14 AM org.apache.catalina.core.ApplicationContext log
INFO: Manager: stop: Stopping web application '/ConfigDemoServlet'
Nov 25, 2020 3:44:14 AM org.apache.catalina.core.ApplicationContext log
INFO: Manager: start: Starting web application '/ConfigDemoServlet'
Nov 25, 2020 3:44:50 AM org.apache.catalina.core.ApplicationContext log
INFO: Manager: list: Listing contexts for virtual host 'localhost'
Nov 25, 2020 3:44:50 AM org.apache.catalina.core.ApplicationContext log
INFO: Manager: list: Listing contexts for virtual host 'localhost'
Nov 25, 2020 3:45:15 AM org.apache.catalina.core.ApplicationContext log
INFO: Manager: list: Listing contexts for virtual host 'localhost'
Nov 25, 2020 3:45:15 AM org.apache.catalina.core.ApplicationContext log
INFO: Manager: stop: Stopping web application '/ConfigDemoServlet'
Nov 25, 2020 3:45:16 AM org.apache.catalina.core.ApplicationContext log
INFO: Manager: start: Starting web application '/ConfigDemoServlet'
Nov 25, 2020 3:45:16 AM org.apache.catalina.core.ApplicationContext log
SEVERE: FAIL - Application at context path /ConfigDemoServlet could not be started
org.apache.catalina.LifecycleException: Failed to start component [StandardEngine[Catalina].StandardHost[localhost].StandardContext[/ConfigDemoServlet]]
	at org.apache.catalina.util.LifecycleBase.start(LifecycleBase.java:152)
	at org.apache.catalina.manager.ManagerServlet.start(ManagerServlet.java:1247)
	at org.apache.catalina.manager.ManagerServlet.doGet(ManagerServlet.java:372)
	at javax.servlet.http.HttpServlet.service(HttpServlet.java:621)
	at javax.servlet.http.HttpServlet.service(HttpServlet.java:722)
	at org.apache.catalina.core.ApplicationFilterChain.internalDoFilter(ApplicationFilterChain.java:304)
	at org.apache.catalina.core.ApplicationFilterChain.doFilter(ApplicationFilterChain.java:210)
	at org.apache.catalina.filters.SetCharacterEncodingFilter.doFilter(SetCharacterEncodingFilter.java:108)
	at org.apache.catalina.core.ApplicationFilterChain.internalDoFilter(ApplicationFilterChain.java:243)
	at org.apache.catalina.core.ApplicationFilterChain.doFilter(ApplicationFilterChain.java:210)
	at org.apache.catalina.core.StandardWrapperValve.invoke(StandardWrapperValve.java:224)
	at org.apache.catalina.core.StandardContextValve.invoke(StandardContextValve.java:185)
	at org.apache.catalina.authenticator.AuthenticatorBase.invoke(AuthenticatorBase.java:581)
	at org.apache.catalina.core.StandardHostValve.invoke(StandardHostValve.java:151)
	at org.apache.catalina.valves.ErrorReportValve.invoke(ErrorReportValve.java:100)
	at org.apache.catalina.valves.AccessLogValve.invoke(AccessLogValve.java:929)
	at org.apache.catalina.core.StandardEngineValve.invoke(StandardEngineValve.java:118)
	at org.apache.catalina.connector.CoyoteAdapter.service(CoyoteAdapter.java:405)
	at org.apache.coyote.http11.Http11AprProcessor.process(Http11AprProcessor.java:269)
	at org.apache.coyote.AbstractProtocol$AbstractConnectionHandler.process(AbstractProtocol.java:515)
	at org.apache.tomcat.util.net.AprEndpoint$SocketProcessor.run(AprEndpoint.java:1773)
	at java.util.concurrent.ThreadPoolExecutor.runWorker(ThreadPoolExecutor.java:1145)
	at java.util.concurrent.ThreadPoolExecutor$Worker.run(ThreadPoolExecutor.java:615)
	at java.lang.Thread.run(Thread.java:745)
Caused by: java.lang.IllegalArgumentException: Servlet mapping specifies an unknown servlet name LifeCycleDemo
	at org.apache.catalina.core.StandardContext.addServletMapping(StandardContext.java:3151)
	at org.apache.catalina.core.StandardContext.addServletMapping(StandardContext.java:3130)
	at org.apache.catalina.deploy.WebXml.configureContext(WebXml.java:1301)
	at org.apache.catalina.startup.ContextConfig.webConfig(ContextConfig.java:1327)
	at org.apache.catalina.startup.ContextConfig.configureStart(ContextConfig.java:896)
	at org.apache.catalina.startup.ContextConfig.lifecycleEvent(ContextConfig.java:322)
	at org.apache.catalina.util.LifecycleSupport.fireLifecycleEvent(LifecycleSupport.java:119)
	at org.apache.catalina.util.LifecycleBase.fireLifecycleEvent(LifecycleBase.java:90)
	at org.apache.catalina.core.StandardContext.startInternal(StandardContext.java:5103)
	at org.apache.catalina.util.LifecycleBase.start(LifecycleBase.java:148)
	... 23 more

Nov 25, 2020 3:45:16 AM org.apache.catalina.core.ApplicationContext log
INFO: Manager: list: Listing contexts for virtual host 'localhost'
Nov 25, 2020 3:45:16 AM org.apache.catalina.core.ApplicationContext log
INFO: Manager: list: Listing contexts for virtual host 'localhost'
Nov 25, 2020 3:45:16 AM org.apache.catalina.core.ApplicationContext log
INFO: Manager: stop: Stopping web application '/ConfigDemoServlet'
Nov 25, 2020 3:45:17 AM org.apache.catalina.core.ApplicationContext log
INFO: Manager: start: Starting web application '/ConfigDemoServlet'
Nov 25, 2020 3:45:17 AM org.apache.catalina.core.ApplicationContext log
SEVERE: FAIL - Application at context path /ConfigDemoServlet could not be started
org.apache.catalina.LifecycleException: Failed to start component [StandardEngine[Catalina].StandardHost[localhost].StandardContext[/ConfigDemoServlet]]
	at org.apache.catalina.util.LifecycleBase.start(LifecycleBase.java:152)
	at org.apache.catalina.manager.ManagerServlet.start(ManagerServlet.java:1247)
	at org.apache.catalina.manager.ManagerServlet.doGet(ManagerServlet.java:372)
	at javax.servlet.http.HttpServlet.service(HttpServlet.java:621)
	at javax.servlet.http.HttpServlet.service(HttpServlet.java:722)
	at org.apache.catalina.core.ApplicationFilterChain.internalDoFilter(ApplicationFilterChain.java:304)
	at org.apache.catalina.core.ApplicationFilterChain.doFilter(ApplicationFilterChain.java:210)
	at org.apache.catalina.filters.SetCharacterEncodingFilter.doFilter(SetCharacterEncodingFilter.java:108)
	at org.apache.catalina.core.ApplicationFilterChain.internalDoFilter(ApplicationFilterChain.java:243)
	at org.apache.catalina.core.ApplicationFilterChain.doFilter(ApplicationFilterChain.java:210)
	at org.apache.catalina.core.StandardWrapperValve.invoke(StandardWrapperValve.java:224)
	at org.apache.catalina.core.StandardContextValve.invoke(StandardContextValve.java:185)
	at org.apache.catalina.authenticator.AuthenticatorBase.invoke(AuthenticatorBase.java:581)
	at org.apache.catalina.core.StandardHostValve.invoke(StandardHostValve.java:151)
	at org.apache.catalina.valves.ErrorReportValve.invoke(ErrorReportValve.java:100)
	at org.apache.catalina.valves.AccessLogValve.invoke(AccessLogValve.java:929)
	at org.apache.catalina.core.StandardEngineValve.invoke(StandardEngineValve.java:118)
	at org.apache.catalina.connector.CoyoteAdapter.service(CoyoteAdapter.java:405)
	at org.apache.coyote.http11.Http11AprProcessor.process(Http11AprProcessor.java:269)
	at org.apache.coyote.AbstractProtocol$AbstractConnectionHandler.process(AbstractProtocol.java:515)
	at org.apache.tomcat.util.net.AprEndpoint$SocketProcessor.run(AprEndpoint.java:1773)
	at java.util.concurrent.ThreadPoolExecutor.runWorker(ThreadPoolExecutor.java:1145)
	at java.util.concurrent.ThreadPoolExecutor$Worker.run(ThreadPoolExecutor.java:615)
	at java.lang.Thread.run(Thread.java:745)
Caused by: java.lang.IllegalArgumentException: Servlet mapping specifies an unknown servlet name LifeCycleDemo
	at org.apache.catalina.core.StandardContext.addServletMapping(StandardContext.java:3151)
	at org.apache.catalina.core.StandardContext.addServletMapping(StandardContext.java:3130)
	at org.apache.catalina.deploy.WebXml.configureContext(WebXml.java:1301)
	at org.apache.catalina.startup.ContextConfig.webConfig(ContextConfig.java:1327)
	at org.apache.catalina.startup.ContextConfig.configureStart(ContextConfig.java:896)
	at org.apache.catalina.startup.ContextConfig.lifecycleEvent(ContextConfig.java:322)
	at org.apache.catalina.util.LifecycleSupport.fireLifecycleEvent(LifecycleSupport.java:119)
	at org.apache.catalina.util.LifecycleBase.fireLifecycleEvent(LifecycleBase.java:90)
	at org.apache.catalina.core.StandardContext.startInternal(StandardContext.java:5103)
	at org.apache.catalina.util.LifecycleBase.start(LifecycleBase.java:148)
	... 23 more

Nov 25, 2020 3:45:20 AM org.apache.catalina.core.ApplicationContext log
INFO: Manager: list: Listing contexts for virtual host 'localhost'
Nov 25, 2020 3:45:20 AM org.apache.catalina.core.ApplicationContext log
INFO: Manager: undeploy: Undeploying web application at '/ConfigDemoServlet'
Nov 25, 2020 3:45:23 AM org.apache.catalina.core.ApplicationContext log
INFO: Manager: list: Listing contexts for virtual host 'localhost'
Nov 25, 2020 3:45:23 AM org.apache.catalina.core.ApplicationContext log
INFO: Manager: list: Listing contexts for virtual host 'localhost'
Nov 25, 2020 3:45:23 AM org.apache.catalina.core.ApplicationContext log
INFO: Manager: install: Installing context configuration at 'file:/C:/DOCUME~1/Lev/LOCALS~1/Temp/context8401459331056971200.xml'
Nov 25, 2020 3:45:53 AM org.apache.catalina.core.ApplicationContext log
INFO: Manager: list: Listing contexts for virtual host 'localhost'
Nov 25, 2020 3:45:53 AM org.apache.catalina.core.ApplicationContext log
INFO: Manager: list: Listing contexts for virtual host 'localhost'
Nov 25, 2020 3:45:53 AM org.apache.catalina.core.ApplicationContext log
INFO: Manager: install: Installing context configuration at 'file:/C:/DOCUME~1/Lev/LOCALS~1/Temp/context8597274883004444313.xml'
Nov 25, 2020 3:45:57 AM org.apache.catalina.core.ApplicationContext log
INFO: Manager: list: Listing contexts for virtual host 'localhost'
Nov 25, 2020 3:45:57 AM org.apache.catalina.core.ApplicationContext log
INFO: Manager: list: Listing contexts for virtual host 'localhost'
Nov 25, 2020 3:45:57 AM org.apache.catalina.core.ApplicationContext log
INFO: Manager: install: Installing context configuration at 'file:/C:/DOCUME~1/Lev/LOCALS~1/Temp/context1181906111354844082.xml'
Nov 25, 2020 3:45:57 AM org.apache.catalina.core.ApplicationContext log
INFO: Manager: list: Listing contexts for virtual host 'localhost'
Nov 25, 2020 3:45:57 AM org.apache.catalina.core.ApplicationContext log
INFO: Manager: list: Listing contexts for virtual host 'localhost'
Nov 25, 2020 3:45:57 AM org.apache.catalina.core.ApplicationContext log
INFO: Manager: install: Installing context configuration at 'file:/C:/DOCUME~1/Lev/LOCALS~1/Temp/context1755127348870691713.xml'
Nov 25, 2020 3:45:58 AM org.apache.catalina.core.ApplicationContext log
INFO: Manager: list: Listing contexts for virtual host 'localhost'
Nov 25, 2020 3:45:58 AM org.apache.catalina.core.ApplicationContext log
INFO: Manager: list: Listing contexts for virtual host 'localhost'
Nov 25, 2020 3:45:58 AM org.apache.catalina.core.ApplicationContext log
INFO: Manager: install: Installing context configuration at 'file:/C:/DOCUME~1/Lev/LOCALS~1/Temp/context7356944142026264895.xml'
Nov 25, 2020 3:47:10 AM org.apache.catalina.core.ApplicationContext log
INFO: Manager: list: Listing contexts for virtual host 'localhost'
Nov 25, 2020 3:47:10 AM org.apache.catalina.core.ApplicationContext log
INFO: Manager: list: Listing contexts for virtual host 'localhost'
Nov 25, 2020 3:47:10 AM org.apache.catalina.core.ApplicationContext log
INFO: Manager: install: Installing context configuration at 'file:/C:/DOCUME~1/Lev/LOCALS~1/Temp/context614603947575899302.xml'
Nov 25, 2020 3:47:19 AM org.apache.catalina.core.ApplicationContext log
INFO: Manager: list: Listing contexts for virtual host 'localhost'
Nov 25, 2020 3:47:19 AM org.apache.catalina.core.ApplicationContext log
INFO: Manager: list: Listing contexts for virtual host 'localhost'
Nov 25, 2020 3:47:19 AM org.apache.catalina.core.ApplicationContext log
INFO: Manager: install: Installing context configuration at 'file:/C:/DOCUME~1/Lev/LOCALS~1/Temp/context6392217180346791619.xml'
Nov 25, 2020 3:47:22 AM org.apache.catalina.core.ApplicationContext log
INFO: Manager: list: Listing contexts for virtual host 'localhost'
Nov 25, 2020 3:47:22 AM org.apache.catalina.core.ApplicationContext log
INFO: Manager: list: Listing contexts for virtual host 'localhost'
Nov 25, 2020 3:47:22 AM org.apache.catalina.core.ApplicationContext log
INFO: Manager: undeploy: Undeploying web application at '/LifeCycleDemoServlet'
Nov 25, 2020 3:47:23 AM org.apache.catalina.core.ApplicationContext log
INFO: Manager: install: Installing context configuration at 'file:/C:/DOCUME~1/Lev/LOCALS~1/Temp/context8094709983475558089.xml'
Nov 25, 2020 3:47:23 AM org.apache.catalina.core.ApplicationContext log
INFO: Manager: start: Starting web application '/LifeCycleDemoServlet'
Nov 25, 2020 3:48:03 AM org.apache.catalina.core.ApplicationContext log
INFO: Manager: list: Listing contexts for virtual host 'localhost'
Nov 25, 2020 3:48:03 AM org.apache.catalina.core.ApplicationContext log
INFO: Manager: list: Listing contexts for virtual host 'localhost'
Nov 25, 2020 3:48:03 AM org.apache.catalina.core.ApplicationContext log
INFO: Manager: install: Installing context configuration at 'file:/C:/DOCUME~1/Lev/LOCALS~1/Temp/context3319037629565620998.xml'
Nov 25, 2020 3:51:18 AM org.apache.catalina.core.ApplicationContext log
INFO: Manager: init: Associated with Deployer 'Catalina:type=Deployer,host=localhost'
Nov 25, 2020 3:51:18 AM org.apache.catalina.core.ApplicationContext log
INFO: Manager: init: Global resources are available
Nov 25, 2020 3:51:18 AM org.apache.catalina.core.ApplicationContext log
INFO: Manager: list: Listing contexts for virtual host 'localhost'
Nov 25, 2020 3:51:18 AM org.apache.catalina.core.ApplicationContext log
INFO: Manager: list: Listing contexts for virtual host 'localhost'
Nov 25, 2020 3:51:18 AM org.apache.catalina.core.ApplicationContext log
INFO: Manager: install: Installing context configuration at 'file:/C:/DOCUME~1/Lev/LOCALS~1/Temp/context7484420326116400486.xml'
Nov 25, 2020 3:53:27 AM org.apache.catalina.core.ApplicationContext log
INFO: Manager: list: Listing contexts for virtual host 'localhost'
Nov 25, 2020 3:53:27 AM org.apache.catalina.core.ApplicationContext log
INFO: Manager: list: Listing contexts for virtual host 'localhost'
Nov 25, 2020 3:53:27 AM org.apache.catalina.core.ApplicationContext log
INFO: Manager: install: Installing context configuration at 'file:/C:/DOCUME~1/Lev/LOCALS~1/Temp/context1218559236627634365.xml'
Nov 25, 2020 3:53:51 AM org.apache.catalina.core.ApplicationContext log
INFO: Manager: list: Listing contexts for virtual host 'localhost'
Nov 25, 2020 3:53:51 AM org.apache.catalina.core.ApplicationContext log
INFO: Manager: list: Listing contexts for virtual host 'localhost'
Nov 25, 2020 3:53:51 AM org.apache.catalina.core.ApplicationContext log
INFO: Manager: install: Installing context configuration at 'file:/C:/DOCUME~1/Lev/LOCALS~1/Temp/context4123452582188425171.xml'
Nov 25, 2020 3:54:38 AM org.apache.catalina.core.ApplicationContext log
INFO: Manager: list: Listing contexts for virtual host 'localhost'
Nov 25, 2020 3:54:38 AM org.apache.catalina.core.ApplicationContext log
INFO: Manager: list: Listing contexts for virtual host 'localhost'
Nov 25, 2020 3:54:38 AM org.apache.catalina.core.ApplicationContext log
INFO: Manager: undeploy: Undeploying web application at '/LifeCycleDemoServlet'
Nov 25, 2020 3:54:38 AM org.apache.catalina.core.ApplicationContext log
INFO: Manager: install: Installing context configuration at 'file:/C:/DOCUME~1/Lev/LOCALS~1/Temp/context6879653198213924635.xml'
Nov 25, 2020 3:54:39 AM org.apache.catalina.core.ApplicationContext log
INFO: Manager: start: Starting web application '/LifeCycleDemoServlet'
Nov 25, 2020 3:58:36 AM org.apache.catalina.core.ApplicationContext log
INFO: Manager: list: Listing contexts for virtual host 'localhost'
Nov 25, 2020 3:58:36 AM org.apache.catalina.core.ApplicationContext log
INFO: Manager: list: Listing contexts for virtual host 'localhost'
Nov 25, 2020 3:58:36 AM org.apache.catalina.core.ApplicationContext log
INFO: Manager: install: Installing context configuration at 'file:/C:/DOCUME~1/Lev/LOCALS~1/Temp/context99076344246299839.xml'
Nov 25, 2020 3:58:36 AM org.apache.catalina.core.ApplicationContext log
INFO: Manager: start: Starting web application '/WebApplication1'
Nov 25, 2020 4:01:27 AM org.apache.catalina.core.ApplicationContext log
INFO: Manager: list: Listing contexts for virtual host 'localhost'
Nov 25, 2020 4:01:27 AM org.apache.catalina.core.ApplicationContext log
INFO: Manager: list: Listing contexts for virtual host 'localhost'
Nov 25, 2020 4:01:27 AM org.apache.catalina.core.ApplicationContext log
INFO: Manager: undeploy: Undeploying web application at '/LifeCycleDemoServlet'
Nov 25, 2020 4:01:28 AM org.apache.catalina.core.ApplicationContext log
INFO: Manager: install: Installing context configuration at 'file:/C:/DOCUME~1/Lev/LOCALS~1/Temp/context5099542268472516413.xml'
Nov 25, 2020 4:01:28 AM org.apache.catalina.core.ApplicationContext log
INFO: Manager: start: Starting web application '/LifeCycleDemoServlet'
Nov 25, 2020 4:02:12 AM org.apache.catalina.core.ApplicationContext log
INFO: Manager: init: Associated with Deployer 'Catalina:type=Deployer,host=localhost'
Nov 25, 2020 4:02:12 AM org.apache.catalina.core.ApplicationContext log
INFO: Manager: init: Global resources are available
Nov 25, 2020 4:02:12 AM org.apache.catalina.core.ApplicationContext log
INFO: Manager: list: Listing contexts for virtual host 'localhost'
Nov 25, 2020 4:02:12 AM org.apache.catalina.core.ApplicationContext log
INFO: Manager: list: Listing contexts for virtual host 'localhost'
Nov 25, 2020 4:02:12 AM org.apache.catalina.core.ApplicationContext log
INFO: Manager: undeploy: Undeploying web application at '/LifeCycleDemoServlet'
Nov 25, 2020 4:02:13 AM org.apache.catalina.core.ApplicationContext log
INFO: Manager: install: Installing context configuration at 'file:/C:/DOCUME~1/Lev/LOCALS~1/Temp/context7702674674021731505.xml'
Nov 25, 2020 4:02:13 AM org.apache.catalina.core.ApplicationContext log
INFO: Manager: start: Starting web application '/LifeCycleDemoServlet'
Nov 25, 2020 4:03:38 AM org.apache.catalina.core.ApplicationContext log
INFO: Manager: list: Listing contexts for virtual host 'localhost'
Nov 25, 2020 4:03:38 AM org.apache.catalina.core.ApplicationContext log
INFO: Manager: stop: Stopping web application '/LifeCycleDemoServlet'
Nov 25, 2020 4:03:38 AM org.apache.catalina.core.ApplicationContext log
INFO: Manager: start: Starting web application '/LifeCycleDemoServlet'
Nov 25, 2020 4:03:40 AM org.apache.catalina.core.ApplicationContext log
INFO: Manager: list: Listing contexts for virtual host 'localhost'
Nov 25, 2020 4:03:40 AM org.apache.catalina.core.ApplicationContext log
INFO: Manager: restart: Reloading web application '/LifeCycleDemoServlet'
Nov 25, 2020 4:04:25 AM org.apache.catalina.core.ApplicationContext log
INFO: Manager: list: Listing contexts for virtual host 'localhost'
Nov 25, 2020 4:04:25 AM org.apache.catalina.core.ApplicationContext log
INFO: Manager: list: Listing contexts for virtual host 'localhost'
Nov 25, 2020 4:04:25 AM org.apache.catalina.core.ApplicationContext log
INFO: Manager: undeploy: Undeploying web application at '/LifeCycleDemoServlet'
Nov 25, 2020 4:04:26 AM org.apache.catalina.core.ApplicationContext log
INFO: Manager: install: Installing context configuration at 'file:/C:/DOCUME~1/Lev/LOCALS~1/Temp/context4149168003811767098.xml'
Nov 25, 2020 4:04:26 AM org.apache.catalina.core.ApplicationContext log
INFO: Manager: start: Starting web application '/LifeCycleDemoServlet'
Nov 25, 2020 4:04:35 AM org.apache.catalina.core.ApplicationContext log
INFO: Manager: list: Listing contexts for virtual host 'localhost'
Nov 25, 2020 4:04:35 AM org.apache.catalina.core.ApplicationContext log
INFO: Manager: list: Listing contexts for virtual host 'localhost'
Nov 25, 2020 4:04:35 AM org.apache.catalina.core.ApplicationContext log
INFO: Manager: undeploy: Undeploying web application at '/LifeCycleDemoServlet'
Nov 25, 2020 4:04:36 AM org.apache.catalina.core.ApplicationContext log
INFO: Manager: install: Installing context configuration at 'file:/C:/DOCUME~1/Lev/LOCALS~1/Temp/context563043684847576090.xml'
Nov 25, 2020 4:04:36 AM org.apache.catalina.core.ApplicationContext log
INFO: Manager: start: Starting web application '/LifeCycleDemoServlet'
Nov 25, 2020 4:04:53 AM org.apache.catalina.core.ApplicationContext log
INFO: Manager: list: Listing contexts for virtual host 'localhost'
Nov 25, 2020 4:04:53 AM org.apache.catalina.core.ApplicationContext log
INFO: Manager: list: Listing contexts for virtual host 'localhost'
Nov 25, 2020 4:04:53 AM org.apache.catalina.core.ApplicationContext log
INFO: Manager: undeploy: Undeploying web application at '/LifeCycleDemoServlet'
Nov 25, 2020 4:04:53 AM org.apache.catalina.core.ApplicationContext log
INFO: Manager: install: Installing context configuration at 'file:/C:/DOCUME~1/Lev/LOCALS~1/Temp/context669215403374555653.xml'
Nov 25, 2020 4:04:54 AM org.apache.catalina.core.ApplicationContext log
INFO: Manager: start: Starting web application '/LifeCycleDemoServlet'
Nov 25, 2020 4:05:15 AM org.apache.catalina.core.ApplicationContext log
INFO: Manager: list: Listing contexts for virtual host 'localhost'
Nov 25, 2020 4:05:15 AM org.apache.catalina.core.ApplicationContext log
INFO: Manager: undeploy: Undeploying web application at '/LifeCycleDemoServlet'
Nov 25, 2020 4:05:18 AM org.apache.catalina.core.ApplicationContext log
INFO: Manager: list: Listing contexts for virtual host 'localhost'
Nov 25, 2020 4:05:18 AM org.apache.catalina.core.ApplicationContext log
INFO: Manager: list: Listing contexts for virtual host 'localhost'
Nov 25, 2020 4:05:18 AM org.apache.catalina.core.ApplicationContext log
INFO: Manager: install: Installing context configuration at 'file:/C:/DOCUME~1/Lev/LOCALS~1/Temp/context6993514429215198351.xml'
Nov 25, 2020 4:05:19 AM org.apache.catalina.core.ApplicationContext log
INFO: Manager: start: Starting web application '/LifeCycleDemoServlet'
Nov 25, 2020 4:05:31 AM org.apache.catalina.core.ApplicationContext log
INFO: Manager: list: Listing contexts for virtual host 'localhost'
Nov 25, 2020 4:05:31 AM org.apache.catalina.core.ApplicationContext log
INFO: Manager: list: Listing contexts for virtual host 'localhost'
Nov 25, 2020 4:05:31 AM org.apache.catalina.core.ApplicationContext log
INFO: Manager: undeploy: Undeploying web application at '/LifeCycleDemoServlet'
Nov 25, 2020 4:05:32 AM org.apache.catalina.core.ApplicationContext log
INFO: Manager: install: Installing context configuration at 'file:/C:/DOCUME~1/Lev/LOCALS~1/Temp/context4332480543937654955.xml'
Nov 25, 2020 4:05:32 AM org.apache.catalina.core.ApplicationContext log
INFO: Manager: start: Starting web application '/LifeCycleDemoServlet'
Nov 25, 2020 4:06:36 AM org.apache.catalina.core.ApplicationContext log
INFO: Manager: init: Associated with Deployer 'Catalina:type=Deployer,host=localhost'
Nov 25, 2020 4:06:36 AM org.apache.catalina.core.ApplicationContext log
INFO: Manager: init: Global resources are available
Nov 25, 2020 4:06:36 AM org.apache.catalina.core.ApplicationContext log
INFO: Manager: list: Listing contexts for virtual host 'localhost'
Nov 25, 2020 4:06:36 AM org.apache.catalina.core.ApplicationContext log
INFO: Manager: list: Listing contexts for virtual host 'localhost'
Nov 25, 2020 4:06:36 AM org.apache.catalina.core.ApplicationContext log
INFO: Manager: undeploy: Undeploying web application at '/LifeCycleDemoServlet'
Nov 25, 2020 4:06:37 AM org.apache.catalina.core.ApplicationContext log
INFO: Manager: install: Installing context configuration at 'file:/C:/DOCUME~1/Lev/LOCALS~1/Temp/context8773409852973645424.xml'
Nov 25, 2020 4:06:37 AM org.apache.catalina.core.ApplicationContext log
INFO: Manager: start: Starting web application '/LifeCycleDemoServlet'
Nov 25, 2020 4:09:03 AM org.apache.catalina.core.ApplicationContext log
INFO: Manager: list: Listing contexts for virtual host 'localhost'
Nov 25, 2020 4:09:04 AM org.apache.catalina.core.ApplicationContext log
INFO: Manager: list: Listing contexts for virtual host 'localhost'
Nov 25, 2020 4:09:04 AM org.apache.catalina.core.ApplicationContext log
INFO: Manager: undeploy: Undeploying web application at '/LifeCycleDemoServlet'
Nov 25, 2020 4:09:04 AM org.apache.catalina.core.ApplicationContext log
INFO: Manager: install: Installing context configuration at 'file:/C:/DOCUME~1/Lev/LOCALS~1/Temp/context31364985932107129.xml'
Nov 25, 2020 4:09:05 AM org.apache.catalina.core.ApplicationContext log
INFO: Manager: start: Starting web application '/LifeCycleDemoServlet'
Nov 25, 2020 4:09:45 AM org.apache.catalina.core.ApplicationContext log
INFO: Manager: list: Listing contexts for virtual host 'localhost'
Nov 25, 2020 4:09:45 AM org.apache.catalina.core.ApplicationContext log
INFO: Manager: undeploy: Undeploying web application at '/WebApplication1'
Nov 25, 2020 4:09:52 AM org.apache.catalina.core.ApplicationContext log
INFO: Manager: list: Listing contexts for virtual host 'localhost'
Nov 25, 2020 4:09:53 AM org.apache.catalina.core.ApplicationContext log
INFO: Manager: undeploy: Undeploying web application at '/LifeCycleDemoServlet'
Nov 25, 2020 4:09:58 AM org.apache.catalina.core.ApplicationContext log
INFO: Manager: list: Listing contexts for virtual host 'localhost'
Nov 25, 2020 4:13:45 AM org.apache.catalina.core.ApplicationContext log
INFO: Manager: list: Listing contexts for virtual host 'localhost'
Nov 25, 2020 4:13:45 AM org.apache.catalina.core.ApplicationContext log
INFO: Manager: list: Listing contexts for virtual host 'localhost'
Nov 25, 2020 4:13:45 AM org.apache.catalina.core.ApplicationContext log
INFO: Manager: install: Installing context configuration at 'file:/C:/DOCUME~1/Lev/LOCALS~1/Temp/context7654663562400194576.xml'
Nov 25, 2020 4:17:54 AM org.apache.catalina.core.ApplicationContext log
INFO: Manager: list: Listing contexts for virtual host 'localhost'
Nov 25, 2020 4:17:54 AM org.apache.catalina.core.ApplicationContext log
INFO: Manager: list: Listing contexts for virtual host 'localhost'
Nov 25, 2020 4:17:54 AM org.apache.catalina.core.ApplicationContext log
INFO: Manager: install: Installing context configuration at 'file:/C:/DOCUME~1/Lev/LOCALS~1/Temp/context7540348695084710924.xml'
Nov 25, 2020 4:18:52 AM org.apache.catalina.core.ApplicationContext log
INFO: Manager: list: Listing contexts for virtual host 'localhost'
Nov 25, 2020 4:18:55 AM org.apache.catalina.core.ApplicationContext log
INFO: Manager: list: Listing contexts for virtual host 'localhost'
Nov 25, 2020 4:18:56 AM org.apache.catalina.core.ApplicationContext log
INFO: Manager: list: Listing contexts for virtual host 'localhost'
Nov 25, 2020 4:18:56 AM org.apache.catalina.core.ApplicationContext log
INFO: Manager: list: Listing contexts for virtual host 'localhost'
Nov 25, 2020 4:18:56 AM org.apache.catalina.core.ApplicationContext log
INFO: Manager: install: Installing context configuration at 'file:/C:/DOCUME~1/Lev/LOCALS~1/Temp/context5085333634942185179.xml'
Nov 25, 2020 4:19:16 AM org.apache.catalina.core.ApplicationContext log
INFO: Manager: list: Listing contexts for virtual host 'localhost'
Nov 25, 2020 4:19:16 AM org.apache.catalina.core.ApplicationContext log
INFO: Manager: list: Listing contexts for virtual host 'localhost'
Nov 25, 2020 4:19:16 AM org.apache.catalina.core.ApplicationContext log
INFO: Manager: install: Installing context configuration at 'file:/C:/DOCUME~1/Lev/LOCALS~1/Temp/context5707292753937440711.xml'
Nov 25, 2020 4:19:31 AM org.apache.catalina.core.ApplicationContext log
INFO: Manager: list: Listing contexts for virtual host 'localhost'
Nov 25, 2020 4:19:31 AM org.apache.catalina.core.ApplicationContext log
INFO: Manager: undeploy: Undeploying web application at '/LifeCycleDemoServlet'
Nov 25, 2020 4:19:34 AM org.apache.catalina.core.ApplicationContext log
INFO: Manager: list: Listing contexts for virtual host 'localhost'
Nov 25, 2020 4:19:34 AM org.apache.catalina.core.ApplicationContext log
INFO: Manager: list: Listing contexts for virtual host 'localhost'
Nov 25, 2020 4:19:34 AM org.apache.catalina.core.ApplicationContext log
INFO: Manager: install: Installing context configuration at 'file:/C:/DOCUME~1/Lev/LOCALS~1/Temp/context1495922297336892420.xml'
Nov 25, 2020 4:19:34 AM org.apache.catalina.core.ApplicationContext log
INFO: Manager: start: Starting web application '/LifeCycleDemoServlet'
